This is pdfTeX, Version 3.141592653-2.6-1.40.22 (TeX Live 2021/nixos.org) (preloaded format=pdflatex 1980.1.1)  15 SEP 2022 22:00
entering extended mode
 restricted \write18 enabled.
 %&-line parsing enabled.
**main.tex
(./main.tex
LaTeX2e <2021-11-15> patch level 1
L3 programming layer <2022-02-24>
(/nix/store/dryz6jxrnq7fkbwnvvabfidkhy4mg16f-texlive-combined-full-2021-final/s
hare/texmf/tex/latex/memoir/memoir.cls
Document Class: memoir 2022/02/20 v3.7q configurable book, report, article docu
ment class

(/nix/store/dryz6jxrnq7fkbwnvvabfidkhy4mg16f-texlive-combined-full-2021-final/s
hare/texmf/tex/latex/etoolbox/etoolbox.sty
Package: etoolbox 2020/10/05 v2.5k e-TeX tools for LaTeX (JAW)
\etb@tempcnta=\count185
)
\onelineskip=\skip47
\lxvchars=\skip48
\xlvchars=\skip49
\@memcnta=\count186
\c@@memmarkcntra=\count187

(/nix/store/dryz6jxrnq7fkbwnvvabfidkhy4mg16f-texlive-combined-full-2021-final/s
hare/texmf/tex/generic/iftex/iftex.sty
Package: iftex 2022/02/03 v1.0f TeX engine tests
)
\stockheight=\skip50
\stockwidth=\skip51
\trimtop=\skip52
\trimedge=\skip53

(/nix/store/dryz6jxrnq7fkbwnvvabfidkhy4mg16f-texlive-combined-full-2021-final/s
hare/texmf/tex/latex/memoir/mem11.clo
File: mem11.clo 2008/01/30 v0.3 memoir class 11pt size option
)
\binding=\skip54
\spinemargin=\skip55
\foremargin=\skip56
\uppermargin=\skip57
\lowermargin=\skip58
\headdrop=\skip59
\normalrulethickness=\skip60
\mem@maxheadheight=\skip61
\mem@maxfootheight=\skip62
\headwidth=\skip63
\c@storedpagenumber=\count188
\memPD=\dimen138
\m@mabparskip=\skip64
\thanksmarkwidth=\skip65
\thanksmarksep=\skip66
\droptitle=\skip67
\c@book=\count189
\c@part=\count190
\c@chapter=\count191
\c@section=\count192
\c@subsection=\count193
\c@subsubsection=\count194
\c@paragraph=\count195
\c@subparagraph=\count196
\beforechapskip=\skip68
\midchapskip=\skip69
\afterchapskip=\skip70
\chapindent=\skip71
\bottomsectionskip=\skip72
\secindent=\skip73
\beforesecskip=\skip74
\aftersecskip=\skip75
\subsecindent=\skip76
\beforesubsecskip=\skip77
\aftersubsecskip=\skip78
\subsubsecindent=\skip79
\beforesubsubsecskip=\skip80
\aftersubsubsecskip=\skip81
\paraindent=\skip82
\beforeparaskip=\skip83
\afterparaskip=\skip84
\subparaindent=\skip85
\beforesubparaskip=\skip86
\aftersubparaskip=\skip87
\pfbreakskip=\skip88
\c@@ppsavesec=\count197
\c@@ppsaveapp=\count198
\ragrparindent=\dimen139
\everylistparindent=\dimen140
\parsepi=\skip89
\topsepi=\skip90
\itemsepi=\skip91
\parsepii=\skip92
\topsepii=\skip93
\topsepiii=\skip94
\itemsepii=\skip95
\itemsepiii=\skip96
\partopsepii=\skip97
\partopsepiii=\skip98
\m@msavetopsep=\skip99
\m@msavepartopsep=\skip100
\@enLab=\toks16
\abstitleskip=\skip101
\absleftindent=\skip102
\abs@leftindent=\dimen141
\absrightindent=\skip103
\absparindent=\skip104
\absparsep=\skip105
\c@vslineno=\count199
\c@poemline=\count266
\c@modulo@vs=\count267
\c@memfvsline=\count268
\vleftskip=\skip106
\vrightskip=\skip107
\stanzaskip=\skip108
\versewidth=\skip109
\vgap=\skip110
\vindent=\skip111
\vleftmargin=\dimen142
\c@verse=\count269
\c@chrsinstr=\count270
\beforepoemtitleskip=\skip112
\afterpoemtitleskip=\skip113
\c@poem=\count271
\beforePoemTitleskip=\skip114
\midPoemTitleskip=\skip115
\afterPoemTitleskip=\skip116

(/nix/store/dryz6jxrnq7fkbwnvvabfidkhy4mg16f-texlive-combined-full-2021-final/s
hare/texmf/tex/latex/tools/array.sty
Package: array 2021/10/04 v2.5f Tabular extension package (FMi)
\col@sep=\dimen143
\ar@mcellbox=\box50
\extrarowheight=\dimen144
\NC@list=\toks17
\extratabsurround=\skip117
\backup@length=\skip118
\ar@cellbox=\box51
)
(/nix/store/dryz6jxrnq7fkbwnvvabfidkhy4mg16f-texlive-combined-full-2021-final/s
hare/texmf/tex/latex/tools/dcolumn.sty
Package: dcolumn 2014/10/28 v1.06 decimal alignment package (DPC)
)
(/nix/store/dryz6jxrnq7fkbwnvvabfidkhy4mg16f-texlive-combined-full-2021-final/s
hare/texmf/tex/latex/tools/delarray.sty
Package: delarray 2014/10/28 v1.01 array delimiter package (DPC)
)
(/nix/store/dryz6jxrnq7fkbwnvvabfidkhy4mg16f-texlive-combined-full-2021-final/s
hare/texmf/tex/latex/tools/tabularx.sty
Package: tabularx 2020/01/15 v2.11c `tabularx' package (DPC)
\TX@col@width=\dimen145
\TX@old@table=\dimen146
\TX@old@col=\dimen147
\TX@target=\dimen148
\TX@delta=\dimen149
\TX@cols=\count272
\TX@ftn=\toks18
)
\heavyrulewidth=\dimen150
\lightrulewidth=\dimen151
\cmidrulewidth=\dimen152
\belowrulesep=\dimen153
\belowbottomsep=\dimen154
\aboverulesep=\dimen155
\abovetopsep=\dimen156
\cmidrulesep=\dimen157
\cmidrulekern=\dimen158
\defaultaddspace=\dimen159
\@cmidla=\count273
\@cmidlb=\count274
\@aboverulesep=\dimen160
\@belowrulesep=\dimen161
\@thisruleclass=\count275
\@lastruleclass=\count276
\@thisrulewidth=\dimen162
\ctableftskip=\skip119
\ctabrightskip=\skip120
\abovecolumnspenalty=\count277
\@linestogo=\count278
\@cellstogo=\count279
\@cellsincolumn=\count280
\crtok=\toks19
\@mincolumnwidth=\dimen163
\c@newflo@tctr=\count281
\mem@margin@floatbox=\box52
\@contcwidth=\skip121
\@contindw=\skip122
\abovecaptionskip=\skip123
\belowcaptionskip=\skip124
\subfloattopskip=\skip125
\subfloatcapskip=\skip126
\subfloatcaptopadj=\skip127
\subfloatbottomskip=\skip128
\subfloatlabelskip=\skip129
\subfloatcapmargin=\dimen164
\c@@contsubnum=\count282
\m@mscap@capbox=\box53
\m@mscap@fbox=\box54
\sidecapsep=\dimen165
\sidecapwidth=\dimen166
\m@m@tempdima=\dimen167
\m@mscapraise=\dimen168
\sidecapraise=\dimen169
\m@mscapmainwidth=\dimen170
\m@mscaplkern=\dimen171
\beforeepigraphskip=\skip130
\afterepigraphskip=\skip131
\epigraphwidth=\skip132
\epigraphrule=\skip133
LaTeX Info: Redefining \em on input line 7655.
LaTeX Info: Redefining \emph on input line 7663.
\tocentryskip=\skip134
\tocbaseline=\skip135
\cftparskip=\skip136
\cftbeforebookskip=\skip137
\cftbookindent=\dimen172
\cftbooknumwidth=\dimen173
\cftbeforepartskip=\skip138
\cftpartindent=\skip139
\cftpartnumwidth=\skip140
\cftbeforechapterskip=\skip141
\cftchapterindent=\skip142
\cftchapternumwidth=\skip143
\cftbeforesectionskip=\skip144
\cftsectionindent=\skip145
\cftsectionnumwidth=\skip146
\cftbeforesubsectionskip=\skip147
\cftsubsectionindent=\skip148
\cftsubsectionnumwidth=\skip149
\cftbeforesubsubsectionskip=\skip150
\cftsubsubsectionindent=\skip151
\cftsubsubsectionnumwidth=\skip152
\cftbeforeparagraphskip=\skip153
\cftparagraphindent=\skip154
\cftparagraphnumwidth=\skip155
\cftbeforesubparagraphskip=\skip156
\cftsubparagraphindent=\skip157
\cftsubparagraphnumwidth=\skip158
\prechapterprecisshift=\dimen174
\c@maxsecnumdepth=\count283
\bibindent=\dimen175
\bibitemsep=\skip159
\indexcolsep=\skip160
\indexrule=\skip161
\indexmarkstyle=\toks20
\@indexbox=\insert252
\glossarycolsep=\dimen176
\glossaryrule=\dimen177
\sideparvshift=\skip162
\sideins=\insert251
\sidebartopsep=\skip163
\sidebarhsep=\skip164
\sidebarvsep=\skip165
\sidebarwidth=\skip166
\footmarkwidth=\skip167
\footmarksep=\skip168
\footparindent=\skip169
\footinsdim=\skip170
\footinsv@r=\insert250
\@mpfootinsv@r=\insert249
\m@m@k=\count284
\m@m@h=\dimen178
\m@mipn@skip=\skip171
\sidefootins=\insert248
\sidefootadjust=\skip172
\sidefootheight=\skip173
\sidefoothsep=\skip174
\sidefootvsep=\skip175
\sidefootwidth=\skip176
\m@mdownsf=\skip177
\c@sidefootnote=\count285
\sidefootmarkwidth=\skip178
\sidefootmarksep=\skip179
\sidefootparindent=\skip180
\c@pagenote=\count286
\c@pagenoteshadow=\count287
\mem@pn@lastkern=\skip181
\every@verbatim=\toks21
\afterevery@verbatim=\toks22
\verbatim@line=\toks23
\tab@position=\count288
\verbatim@in@stream=\read2
\verbatimindent=\skip182
\verbatim@out=\write3
\bvboxsep=\skip183
\c@memfbvline=\count289
\c@bvlinectr=\count290
\bvnumlength=\skip184
\fb@frw=\dimen179
\fb@frh=\dimen180
\FrameRule=\dimen181
\FrameSep=\dimen182
\c@cp@cntr=\count291
\c@ism@mctr=\count292
\c@xsm@mctr=\count293
\c@csm@mctr=\count294
\c@ksm@mctr=\count295
\c@xksm@mctr=\count296
\c@cksm@mctr=\count297
\c@msm@mctr=\count298
\c@xmsm@mctr=\count299
\c@cmsm@mctr=\count300
\c@bsm@mctr=\count301
\c@workm@mctr=\count302
\c@sheetsequence=\count303
\c@lastsheet=\count304
\c@lastpage=\count305

(/nix/store/dryz6jxrnq7fkbwnvvabfidkhy4mg16f-texlive-combined-full-2021-final/s
hare/texmf/tex/latex/textcase/textcase.sty
Package: textcase 2019/09/14 v1.00 Text only upper/lower case changing (DPC)
)
\c@figure=\count306
\c@lofdepth=\count307
\cftbeforefigureskip=\skip185
\cftfigureindent=\skip186
\cftfigurenumwidth=\skip187
\c@table=\count308
\c@lotdepth=\count309
\cftbeforetableskip=\skip188
\cfttableindent=\skip189
\cfttablenumwidth=\skip190
Package abstract [2008/07/23] emulated by memoir.
Package appendix [2008/07/23] emulated by memoir.
Package booktabs [2016/05/16] emulated by memoir.
Package ccaption [2008/07/23] emulated by memoir.
Package changepage [2008/07/23] emulated by memoir.
Package chngcntr [2008/07/23] emulated by memoir.
Package chngpage [2008/07/23] emulated by memoir.
Package crop emulated by memoir.
Package enumerate [2008/07/23] emulated by memoir.
Package epigraph [2008/07/23] emulated by memoir.
Package ifmtarg [2008/07/23] emulated by memoir.
Package index [2008/07/23] emulated by memoir.
Package makeidx [2008/07/23] emulated by memoir.
Package moreverb [2008/07/23] emulated by memoir.
Package needspace [2008/07/23] emulated by memoir.
Package newfile [2008/07/23] emulated by memoir.
Package nextpage [2008/07/23] emulated by memoir.
Package pagenote [2008/07/23] emulated by memoir.
Package parskip [2008/07/23] emulated by memoir.
Package patchcmd [2008/07/23] emulated by memoir.
Package setspace [2008/07/23] emulated by memoir.
Package shortvrb [2008/07/23] emulated by memoir.
Package showidx [2008/07/23] emulated by memoir.
Package titleref [2008/07/23] emulated by memoir.
Package titling [2008/07/23] emulated by memoir.
Package tocbibind [2008/07/23] emulated by memoir.
Package tocloft [2008/07/23] emulated by memoir.
Package tocvsec2 [2008/07/23] emulated by memoir.
Package verbatim [2008/07/23] emulated by memoir.
Package verse [2008/07/23] emulated by memoir.
) (./operators.sty
Package: operators 
) (./preamble.sty
Package: preamble 

(/nix/store/dryz6jxrnq7fkbwnvvabfidkhy4mg16f-texlive-combined-full-2021-final/s
hare/texmf/tex/latex/base/inputenc.sty
Package: inputenc 2021/02/14 v1.3d Input encoding file
\inpenc@prehook=\toks24
\inpenc@posthook=\toks25
)
(/nix/store/dryz6jxrnq7fkbwnvvabfidkhy4mg16f-texlive-combined-full-2021-final/s
hare/texmf/tex/latex/base/fontenc.sty
Package: fontenc 2021/04/29 v2.0v Standard LaTeX package
)
(/nix/store/dryz6jxrnq7fkbwnvvabfidkhy4mg16f-texlive-combined-full-2021-final/s
hare/texmf/tex/latex/amsfonts/amsfonts.sty
Package: amsfonts 2013/01/14 v3.01 Basic AMSFonts support
\@emptytoks=\toks26
\symAMSa=\mathgroup4
\symAMSb=\mathgroup5
LaTeX Font Info:    Redeclaring math symbol \hbar on input line 98.
LaTeX Font Info:    Overwriting math alphabet `\mathfrak' in version `bold'
(Font)                  U/euf/m/n --> U/euf/b/n on input line 106.
)
(/nix/store/dryz6jxrnq7fkbwnvvabfidkhy4mg16f-texlive-combined-full-2021-final/s
hare/texmf/tex/latex/amsmath/amsmath.sty
Package: amsmath 2021/10/15 v2.17l AMS math features
\@mathmargin=\skip191

For additional information on amsmath, use the `?' option.

(/nix/store/dryz6jxrnq7fkbwnvvabfidkhy4mg16f-texlive-combined-full-2021-final/s
hare/texmf/tex/latex/amsmath/amstext.sty
Package: amstext 2021/08/26 v2.01 AMS text

(/nix/store/dryz6jxrnq7fkbwnvvabfidkhy4mg16f-texlive-combined-full-2021-final/s
hare/texmf/tex/latex/amsmath/amsgen.sty
File: amsgen.sty 1999/11/30 v2.0 generic functions
\@emptytoks=\toks27
\ex@=\dimen183
))
(/nix/store/dryz6jxrnq7fkbwnvvabfidkhy4mg16f-texlive-combined-full-2021-final/s
hare/texmf/tex/latex/amsmath/amsbsy.sty
Package: amsbsy 1999/11/29 v1.2d Bold Symbols
\pmbraise@=\dimen184
)
(/nix/store/dryz6jxrnq7fkbwnvvabfidkhy4mg16f-texlive-combined-full-2021-final/s
hare/texmf/tex/latex/amsmath/amsopn.sty
Package: amsopn 2021/08/26 v2.02 operator names
)
\inf@bad=\count310
LaTeX Info: Redefining \frac on input line 234.
\uproot@=\count311
\leftroot@=\count312
LaTeX Info: Redefining \overline on input line 399.
\classnum@=\count313
\DOTSCASE@=\count314
LaTeX Info: Redefining \ldots on input line 496.
LaTeX Info: Redefining \dots on input line 499.
LaTeX Info: Redefining \cdots on input line 620.
\Mathstrutbox@=\box55
\strutbox@=\box56
\big@size=\dimen185
LaTeX Font Info:    Redeclaring font encoding OML on input line 743.
LaTeX Font Info:    Redeclaring font encoding OMS on input line 744.
\macc@depth=\count315
\c@MaxMatrixCols=\count316
\dotsspace@=\muskip16
\c@parentequation=\count317
\dspbrk@lvl=\count318
\tag@help=\toks28
\row@=\count319
\column@=\count320
\maxfields@=\count321
\andhelp@=\toks29
\eqnshift@=\dimen186
\alignsep@=\dimen187
\tagshift@=\dimen188
\tagwidth@=\dimen189
\totwidth@=\dimen190
\lineht@=\dimen191
\@envbody=\toks30
\multlinegap=\skip192
\multlinetaggap=\skip193
\mathdisplay@stack=\toks31
LaTeX Info: Redefining \[ on input line 2938.
LaTeX Info: Redefining \] on input line 2939.
)
(/nix/store/dryz6jxrnq7fkbwnvvabfidkhy4mg16f-texlive-combined-full-2021-final/s
hare/texmf/tex/latex/amscls/amsthm.sty
Package: amsthm 2020/05/29 v2.20.6
\thm@style=\toks32
\thm@bodyfont=\toks33
\thm@headfont=\toks34
\thm@notefont=\toks35
\thm@headpunct=\toks36
\thm@preskip=\skip194
\thm@postskip=\skip195
\thm@headsep=\skip196
\dth@everypar=\toks37
)
(/nix/store/dryz6jxrnq7fkbwnvvabfidkhy4mg16f-texlive-combined-full-2021-final/s
hare/texmf/tex/latex/titlesec/titlesec.sty
Package: titlesec 2021/07/05 v2.14 Sectioning titles
\ttl@box=\box57
\beforetitleunit=\skip197
\aftertitleunit=\skip198
\ttl@plus=\dimen192
\ttl@minus=\dimen193
\ttl@toksa=\toks38
\titlewidth=\dimen194
\titlewidthlast=\dimen195
\titlewidthfirst=\dimen196
)
(/nix/store/dryz6jxrnq7fkbwnvvabfidkhy4mg16f-texlive-combined-full-2021-final/s
hare/texmf/tex/latex/hyperref/hyperref.sty
Package: hyperref 2022-02-21 v7.00n Hypertext links for LaTeX

(/nix/store/dryz6jxrnq7fkbwnvvabfidkhy4mg16f-texlive-combined-full-2021-final/s
hare/texmf/tex/generic/ltxcmds/ltxcmds.sty
Package: ltxcmds 2020-05-10 v1.25 LaTeX kernel commands for general use (HO)
)
(/nix/store/dryz6jxrnq7fkbwnvvabfidkhy4mg16f-texlive-combined-full-2021-final/s
hare/texmf/tex/generic/pdftexcmds/pdftexcmds.sty
Package: pdftexcmds 2020-06-27 v0.33 Utility functions of pdfTeX for LuaTeX (HO
)

(/nix/store/dryz6jxrnq7fkbwnvvabfidkhy4mg16f-texlive-combined-full-2021-final/s
hare/texmf/tex/generic/infwarerr/infwarerr.sty
Package: infwarerr 2019/12/03 v1.5 Providing info/warning/error messages (HO)
)
Package pdftexcmds Info: \pdf@primitive is available.
Package pdftexcmds Info: \pdf@ifprimitive is available.
Package pdftexcmds Info: \pdfdraftmode found.
)
(/nix/store/dryz6jxrnq7fkbwnvvabfidkhy4mg16f-texlive-combined-full-2021-final/s
hare/texmf/tex/latex/graphics/keyval.sty
Package: keyval 2014/10/28 v1.15 key=value parser (DPC)
\KV@toks@=\toks39
)
(/nix/store/dryz6jxrnq7fkbwnvvabfidkhy4mg16f-texlive-combined-full-2021-final/s
hare/texmf/tex/generic/kvsetkeys/kvsetkeys.sty
Package: kvsetkeys 2019/12/15 v1.18 Key value parser (HO)
)
(/nix/store/dryz6jxrnq7fkbwnvvabfidkhy4mg16f-texlive-combined-full-2021-final/s
hare/texmf/tex/generic/kvdefinekeys/kvdefinekeys.sty
Package: kvdefinekeys 2019-12-19 v1.6 Define keys (HO)
)
(/nix/store/dryz6jxrnq7fkbwnvvabfidkhy4mg16f-texlive-combined-full-2021-final/s
hare/texmf/tex/generic/pdfescape/pdfescape.sty
Package: pdfescape 2019/12/09 v1.15 Implements pdfTeX's escape features (HO)
)
(/nix/store/dryz6jxrnq7fkbwnvvabfidkhy4mg16f-texlive-combined-full-2021-final/s
hare/texmf/tex/latex/hycolor/hycolor.sty
Package: hycolor 2020-01-27 v1.10 Color options for hyperref/bookmark (HO)
)
(/nix/store/dryz6jxrnq7fkbwnvvabfidkhy4mg16f-texlive-combined-full-2021-final/s
hare/texmf/tex/latex/letltxmacro/letltxmacro.sty
Package: letltxmacro 2019/12/03 v1.6 Let assignment for LaTeX macros (HO)
)
(/nix/store/dryz6jxrnq7fkbwnvvabfidkhy4mg16f-texlive-combined-full-2021-final/s
hare/texmf/tex/latex/auxhook/auxhook.sty
Package: auxhook 2019-12-17 v1.6 Hooks for auxiliary files (HO)
)
(/nix/store/dryz6jxrnq7fkbwnvvabfidkhy4mg16f-texlive-combined-full-2021-final/s
hare/texmf/tex/latex/kvoptions/kvoptions.sty
Package: kvoptions 2020-10-07 v3.14 Key value format for package options (HO)
)
\@linkdim=\dimen197
\Hy@linkcounter=\count322
\Hy@pagecounter=\count323

(/nix/store/dryz6jxrnq7fkbwnvvabfidkhy4mg16f-texlive-combined-full-2021-final/s
hare/texmf/tex/latex/hyperref/pd1enc.def
File: pd1enc.def 2022-02-21 v7.00n Hyperref: PDFDocEncoding definition (HO)
Now handling font encoding PD1 ...
... no UTF-8 mapping file for font encoding PD1
)
(/nix/store/dryz6jxrnq7fkbwnvvabfidkhy4mg16f-texlive-combined-full-2021-final/s
hare/texmf/tex/generic/intcalc/intcalc.sty
Package: intcalc 2019/12/15 v1.3 Expandable calculations with integers (HO)
)
(/nix/store/dryz6jxrnq7fkbwnvvabfidkhy4mg16f-texlive-combined-full-2021-final/s
hare/texmf/tex/generic/etexcmds/etexcmds.sty
Package: etexcmds 2019/12/15 v1.7 Avoid name clashes with e-TeX commands (HO)
)
\Hy@SavedSpaceFactor=\count324

(/nix/store/dryz6jxrnq7fkbwnvvabfidkhy4mg16f-texlive-combined-full-2021-final/s
hare/texmf/tex/latex/hyperref/puenc.def
File: puenc.def 2022-02-21 v7.00n Hyperref: PDF Unicode definition (HO)
Now handling font encoding PU ...
... no UTF-8 mapping file for font encoding PU
)
Package hyperref Info: Hyper figures OFF on input line 4137.
Package hyperref Info: Link nesting OFF on input line 4142.
Package hyperref Info: Hyper index ON on input line 4145.
Package hyperref Info: Plain pages OFF on input line 4152.
Package hyperref Info: Backreferencing OFF on input line 4157.
Package hyperref Info: Implicit mode ON; LaTeX internals redefined.
Package hyperref Info: Bookmarks ON on input line 4390.
\c@Hy@tempcnt=\count325

(/nix/store/dryz6jxrnq7fkbwnvvabfidkhy4mg16f-texlive-combined-full-2021-final/s
hare/texmf/tex/latex/url/url.sty
\Urlmuskip=\muskip17
Package: url 2013/09/16  ver 3.4  Verb mode for urls, etc.
)
LaTeX Info: Redefining \url on input line 4749.
\XeTeXLinkMargin=\dimen198

(/nix/store/dryz6jxrnq7fkbwnvvabfidkhy4mg16f-texlive-combined-full-2021-final/s
hare/texmf/tex/generic/bitset/bitset.sty
Package: bitset 2019/12/09 v1.3 Handle bit-vector datatype (HO)

(/nix/store/dryz6jxrnq7fkbwnvvabfidkhy4mg16f-texlive-combined-full-2021-final/s
hare/texmf/tex/generic/bigintcalc/bigintcalc.sty
Package: bigintcalc 2019/12/15 v1.5 Expandable calculations on big integers (HO
)
))
\Fld@menulength=\count326
\Field@Width=\dimen199
\Fld@charsize=\dimen256
Package hyperref Info: Hyper figures OFF on input line 6027.
Package hyperref Info: Link nesting OFF on input line 6032.
Package hyperref Info: Hyper index ON on input line 6035.
Package hyperref Info: backreferencing OFF on input line 6042.
Package hyperref Info: Link coloring OFF on input line 6047.
Package hyperref Info: Link coloring with OCG OFF on input line 6052.
Package hyperref Info: PDF/A mode OFF on input line 6057.
LaTeX Info: Redefining \ref on input line 6097.
LaTeX Info: Redefining \pageref on input line 6101.

(/nix/store/dryz6jxrnq7fkbwnvvabfidkhy4mg16f-texlive-combined-full-2021-final/s
hare/texmf/tex/latex/base/atbegshi-ltx.sty
Package: atbegshi-ltx 2021/01/10 v1.0c Emulation of the original atbegshi
package with kernel methods
)
\Hy@abspage=\count327
\c@Item=\count328
\c@Hfootnote=\count329
)
(/nix/store/dryz6jxrnq7fkbwnvvabfidkhy4mg16f-texlive-combined-full-2021-final/s
hare/texmf/tex/latex/memoir/memhfixc.sty
Package: memhfixc 2021/06/16 v1.19 nameref/hyperref package fixes for memoir cl
ass
\c@memhycontfloat=\count330
\c@Hpagenote=\count331
)
Package hyperref Info: Driver (autodetected): hpdftex.

(/nix/store/dryz6jxrnq7fkbwnvvabfidkhy4mg16f-texlive-combined-full-2021-final/s
hare/texmf/tex/latex/hyperref/hpdftex.def
File: hpdftex.def 2022-02-21 v7.00n Hyperref driver for pdfTeX

(/nix/store/dryz6jxrnq7fkbwnvvabfidkhy4mg16f-texlive-combined-full-2021-final/s
hare/texmf/tex/latex/base/atveryend-ltx.sty
Package: atveryend-ltx 2020/08/19 v1.0a Emulation of the original atveryend pac
kage
with kernel methods
)
\Fld@listcount=\count332
\c@bookmark@seq@number=\count333

(/nix/store/dryz6jxrnq7fkbwnvvabfidkhy4mg16f-texlive-combined-full-2021-final/s
hare/texmf/tex/latex/rerunfilecheck/rerunfilecheck.sty
Package: rerunfilecheck 2019/12/05 v1.9 Rerun checks for auxiliary files (HO)

(/nix/store/dryz6jxrnq7fkbwnvvabfidkhy4mg16f-texlive-combined-full-2021-final/s
hare/texmf/tex/generic/uniquecounter/uniquecounter.sty
Package: uniquecounter 2019/12/15 v1.4 Provide unlimited unique counter (HO)
)
Package uniquecounter Info: New unique counter `rerunfilecheck' on input line 2
86.
)
\Hy@SectionHShift=\skip199
)
(/nix/store/dryz6jxrnq7fkbwnvvabfidkhy4mg16f-texlive-combined-full-2021-final/s
hare/texmf/tex/latex/graphics/color.sty
Package: color 2021/12/07 v1.3c Standard LaTeX Color (DPC)

(/nix/store/dryz6jxrnq7fkbwnvvabfidkhy4mg16f-texlive-combined-full-2021-final/s
hare/texmf/tex/latex/graphics-cfg/color.cfg
File: color.cfg 2016/01/02 v1.6 sample color configuration
)
Package color Info: Driver file: pdftex.def on input line 149.

(/nix/store/dryz6jxrnq7fkbwnvvabfidkhy4mg16f-texlive-combined-full-2021-final/s
hare/texmf/tex/latex/graphics-def/pdftex.def
File: pdftex.def 2020/10/05 v1.2a Graphics/color driver for pdftex
))
(/nix/store/dryz6jxrnq7fkbwnvvabfidkhy4mg16f-texlive-combined-full-2021-final/s
hare/texmf/tex/latex/geometry/geometry.sty
Package: geometry 2020/01/02 v5.9 Page Geometry

(/nix/store/dryz6jxrnq7fkbwnvvabfidkhy4mg16f-texlive-combined-full-2021-final/s
hare/texmf/tex/generic/iftex/ifvtex.sty
Package: ifvtex 2019/10/25 v1.7 ifvtex legacy package. Use iftex instead.
)
\Gm@cnth=\count334
\Gm@cntv=\count335
\c@Gm@tempcnt=\count336
\Gm@bindingoffset=\dimen257
\Gm@wd@mp=\dimen258
\Gm@odd@mp=\dimen259
\Gm@even@mp=\dimen260
\Gm@layoutwidth=\dimen261
\Gm@layoutheight=\dimen262
\Gm@layouthoffset=\dimen263
\Gm@layoutvoffset=\dimen264
\Gm@dimlist=\toks40
)
(/nix/store/dryz6jxrnq7fkbwnvvabfidkhy4mg16f-texlive-combined-full-2021-final/s
hare/texmf/tex/generic/nth/nth.sty
Package: nth 2002/02/27
) (./quiver.sty
Package: quiver 2021/01/11 quiver

(/nix/store/dryz6jxrnq7fkbwnvvabfidkhy4mg16f-texlive-combined-full-2021-final/s
hare/texmf/tex/latex/tikz-cd/tikz-cd.sty
Package: tikz-cd 2021/05/04 v1.0 Commutative diagrams with TikZ

(/nix/store/dryz6jxrnq7fkbwnvvabfidkhy4mg16f-texlive-combined-full-2021-final/s
hare/texmf/tex/latex/pgf/frontendlayer/tikz.sty
(/nix/store/dryz6jxrnq7fkbwnvvabfidkhy4mg16f-texlive-combined-full-2021-final/s
hare/texmf/tex/latex/pgf/basiclayer/pgf.sty
(/nix/store/dryz6jxrnq7fkbwnvvabfidkhy4mg16f-texlive-combined-full-2021-final/s
hare/texmf/tex/latex/pgf/utilities/pgfrcs.sty
(/nix/store/dryz6jxrnq7fkbwnvvabfidkhy4mg16f-texlive-combined-full-2021-final/s
hare/texmf/tex/generic/pgf/utilities/pgfutil-common.tex
\pgfutil@everybye=\toks41
\pgfutil@tempdima=\dimen265
\pgfutil@tempdimb=\dimen266

(/nix/store/dryz6jxrnq7fkbwnvvabfidkhy4mg16f-texlive-combined-full-2021-final/s
hare/texmf/tex/generic/pgf/utilities/pgfutil-common-lists.tex))
(/nix/store/dryz6jxrnq7fkbwnvvabfidkhy4mg16f-texlive-combined-full-2021-final/s
hare/texmf/tex/generic/pgf/utilities/pgfutil-latex.def
\pgfutil@abb=\box58
)
(/nix/store/dryz6jxrnq7fkbwnvvabfidkhy4mg16f-texlive-combined-full-2021-final/s
hare/texmf/tex/generic/pgf/utilities/pgfrcs.code.tex
(/nix/store/dryz6jxrnq7fkbwnvvabfidkhy4mg16f-texlive-combined-full-2021-final/s
hare/texmf/tex/generic/pgf/pgf.revision.tex)
Package: pgfrcs 2021/05/15 v3.1.9a (3.1.9a)
))
Package: pgf 2021/05/15 v3.1.9a (3.1.9a)

(/nix/store/dryz6jxrnq7fkbwnvvabfidkhy4mg16f-texlive-combined-full-2021-final/s
hare/texmf/tex/latex/pgf/basiclayer/pgfcore.sty
(/nix/store/dryz6jxrnq7fkbwnvvabfidkhy4mg16f-texlive-combined-full-2021-final/s
hare/texmf/tex/latex/graphics/graphicx.sty
Package: graphicx 2021/09/16 v1.2d Enhanced LaTeX Graphics (DPC,SPQR)

(/nix/store/dryz6jxrnq7fkbwnvvabfidkhy4mg16f-texlive-combined-full-2021-final/s
hare/texmf/tex/latex/graphics/graphics.sty
Package: graphics 2021/03/04 v1.4d Standard LaTeX Graphics (DPC,SPQR)

(/nix/store/dryz6jxrnq7fkbwnvvabfidkhy4mg16f-texlive-combined-full-2021-final/s
hare/texmf/tex/latex/graphics/trig.sty
Package: trig 2021/08/11 v1.11 sin cos tan (DPC)
)
(/nix/store/dryz6jxrnq7fkbwnvvabfidkhy4mg16f-texlive-combined-full-2021-final/s
hare/texmf/tex/latex/graphics-cfg/graphics.cfg
File: graphics.cfg 2016/06/04 v1.11 sample graphics configuration
)
Package graphics Info: Driver file: pdftex.def on input line 107.
)
\Gin@req@height=\dimen267
\Gin@req@width=\dimen268
)
(/nix/store/dryz6jxrnq7fkbwnvvabfidkhy4mg16f-texlive-combined-full-2021-final/s
hare/texmf/tex/latex/pgf/systemlayer/pgfsys.sty
(/nix/store/dryz6jxrnq7fkbwnvvabfidkhy4mg16f-texlive-combined-full-2021-final/s
hare/texmf/tex/generic/pgf/systemlayer/pgfsys.code.tex
Package: pgfsys 2021/05/15 v3.1.9a (3.1.9a)

(/nix/store/dryz6jxrnq7fkbwnvvabfidkhy4mg16f-texlive-combined-full-2021-final/s
hare/texmf/tex/generic/pgf/utilities/pgfkeys.code.tex
\pgfkeys@pathtoks=\toks42
\pgfkeys@temptoks=\toks43

(/nix/store/dryz6jxrnq7fkbwnvvabfidkhy4mg16f-texlive-combined-full-2021-final/s
hare/texmf/tex/generic/pgf/utilities/pgfkeysfiltered.code.tex
\pgfkeys@tmptoks=\toks44
))
\pgf@x=\dimen269
\pgf@y=\dimen270
\pgf@xa=\dimen271
\pgf@ya=\dimen272
\pgf@xb=\dimen273
\pgf@yb=\dimen274
\pgf@xc=\dimen275
\pgf@yc=\dimen276
\pgf@xd=\dimen277
\pgf@yd=\dimen278
\w@pgf@writea=\write4
\r@pgf@reada=\read3
\c@pgf@counta=\count337
\c@pgf@countb=\count338
\c@pgf@countc=\count339
\c@pgf@countd=\count340
\t@pgf@toka=\toks45
\t@pgf@tokb=\toks46
\t@pgf@tokc=\toks47
\pgf@sys@id@count=\count341

(/nix/store/dryz6jxrnq7fkbwnvvabfidkhy4mg16f-texlive-combined-full-2021-final/s
hare/texmf/tex/generic/pgf/systemlayer/pgf.cfg
File: pgf.cfg 2021/05/15 v3.1.9a (3.1.9a)
)
Driver file for pgf: pgfsys-pdftex.def

(/nix/store/dryz6jxrnq7fkbwnvvabfidkhy4mg16f-texlive-combined-full-2021-final/s
hare/texmf/tex/generic/pgf/systemlayer/pgfsys-pdftex.def
File: pgfsys-pdftex.def 2021/05/15 v3.1.9a (3.1.9a)

(/nix/store/dryz6jxrnq7fkbwnvvabfidkhy4mg16f-texlive-combined-full-2021-final/s
hare/texmf/tex/generic/pgf/systemlayer/pgfsys-common-pdf.def
File: pgfsys-common-pdf.def 2021/05/15 v3.1.9a (3.1.9a)
)))
(/nix/store/dryz6jxrnq7fkbwnvvabfidkhy4mg16f-texlive-combined-full-2021-final/s
hare/texmf/tex/generic/pgf/systemlayer/pgfsyssoftpath.code.tex
File: pgfsyssoftpath.code.tex 2021/05/15 v3.1.9a (3.1.9a)
\pgfsyssoftpath@smallbuffer@items=\count342
\pgfsyssoftpath@bigbuffer@items=\count343
)
(/nix/store/dryz6jxrnq7fkbwnvvabfidkhy4mg16f-texlive-combined-full-2021-final/s
hare/texmf/tex/generic/pgf/systemlayer/pgfsysprotocol.code.tex
File: pgfsysprotocol.code.tex 2021/05/15 v3.1.9a (3.1.9a)
))
(/nix/store/dryz6jxrnq7fkbwnvvabfidkhy4mg16f-texlive-combined-full-2021-final/s
hare/texmf/tex/latex/xcolor/xcolor.sty
Package: xcolor 2021/10/31 v2.13 LaTeX color extensions (UK)

(/nix/store/dryz6jxrnq7fkbwnvvabfidkhy4mg16f-texlive-combined-full-2021-final/s
hare/texmf/tex/latex/graphics-cfg/color.cfg
File: color.cfg 2016/01/02 v1.6 sample color configuration
)
Package xcolor Info: Driver file: pdftex.def on input line 227.
LaTeX Info: Redefining \color on input line 711.
Package xcolor Info: Model `cmy' substituted by `cmy0' on input line 1352.
Package xcolor Info: Model `hsb' substituted by `rgb' on input line 1356.
Package xcolor Info: Model `RGB' extended on input line 1368.
Package xcolor Info: Model `HTML' substituted by `rgb' on input line 1370.
Package xcolor Info: Model `Hsb' substituted by `hsb' on input line 1371.
Package xcolor Info: Model `tHsb' substituted by `hsb' on input line 1372.
Package xcolor Info: Model `HSB' substituted by `hsb' on input line 1373.
Package xcolor Info: Model `Gray' substituted by `gray' on input line 1374.
Package xcolor Info: Model `wave' substituted by `hsb' on input line 1375.
)
(/nix/store/dryz6jxrnq7fkbwnvvabfidkhy4mg16f-texlive-combined-full-2021-final/s
hare/texmf/tex/generic/pgf/basiclayer/pgfcore.code.tex
Package: pgfcore 2021/05/15 v3.1.9a (3.1.9a)

(/nix/store/dryz6jxrnq7fkbwnvvabfidkhy4mg16f-texlive-combined-full-2021-final/s
hare/texmf/tex/generic/pgf/math/pgfmath.code.tex
(/nix/store/dryz6jxrnq7fkbwnvvabfidkhy4mg16f-texlive-combined-full-2021-final/s
hare/texmf/tex/generic/pgf/math/pgfmathcalc.code.tex
(/nix/store/dryz6jxrnq7fkbwnvvabfidkhy4mg16f-texlive-combined-full-2021-final/s
hare/texmf/tex/generic/pgf/math/pgfmathutil.code.tex)
(/nix/store/dryz6jxrnq7fkbwnvvabfidkhy4mg16f-texlive-combined-full-2021-final/s
hare/texmf/tex/generic/pgf/math/pgfmathparser.code.tex
\pgfmath@dimen=\dimen279
\pgfmath@count=\count344
\pgfmath@box=\box59
\pgfmath@toks=\toks48
\pgfmath@stack@operand=\toks49
\pgfmath@stack@operation=\toks50
)
(/nix/store/dryz6jxrnq7fkbwnvvabfidkhy4mg16f-texlive-combined-full-2021-final/s
hare/texmf/tex/generic/pgf/math/pgfmathfunctions.code.tex
(/nix/store/dryz6jxrnq7fkbwnvvabfidkhy4mg16f-texlive-combined-full-2021-final/s
hare/texmf/tex/generic/pgf/math/pgfmathfunctions.basic.code.tex)
(/nix/store/dryz6jxrnq7fkbwnvvabfidkhy4mg16f-texlive-combined-full-2021-final/s
hare/texmf/tex/generic/pgf/math/pgfmathfunctions.trigonometric.code.tex)
(/nix/store/dryz6jxrnq7fkbwnvvabfidkhy4mg16f-texlive-combined-full-2021-final/s
hare/texmf/tex/generic/pgf/math/pgfmathfunctions.random.code.tex)
(/nix/store/dryz6jxrnq7fkbwnvvabfidkhy4mg16f-texlive-combined-full-2021-final/s
hare/texmf/tex/generic/pgf/math/pgfmathfunctions.comparison.code.tex)
(/nix/store/dryz6jxrnq7fkbwnvvabfidkhy4mg16f-texlive-combined-full-2021-final/s
hare/texmf/tex/generic/pgf/math/pgfmathfunctions.base.code.tex)
(/nix/store/dryz6jxrnq7fkbwnvvabfidkhy4mg16f-texlive-combined-full-2021-final/s
hare/texmf/tex/generic/pgf/math/pgfmathfunctions.round.code.tex)
(/nix/store/dryz6jxrnq7fkbwnvvabfidkhy4mg16f-texlive-combined-full-2021-final/s
hare/texmf/tex/generic/pgf/math/pgfmathfunctions.misc.code.tex)
(/nix/store/dryz6jxrnq7fkbwnvvabfidkhy4mg16f-texlive-combined-full-2021-final/s
hare/texmf/tex/generic/pgf/math/pgfmathfunctions.integerarithmetics.code.tex)))

(/nix/store/dryz6jxrnq7fkbwnvvabfidkhy4mg16f-texlive-combined-full-2021-final/s
hare/texmf/tex/generic/pgf/math/pgfmathfloat.code.tex
\c@pgfmathroundto@lastzeros=\count345
))
(/nix/store/dryz6jxrnq7fkbwnvvabfidkhy4mg16f-texlive-combined-full-2021-final/s
hare/texmf/tex/generic/pgf/math/pgfint.code.tex)
(/nix/store/dryz6jxrnq7fkbwnvvabfidkhy4mg16f-texlive-combined-full-2021-final/s
hare/texmf/tex/generic/pgf/basiclayer/pgfcorepoints.code.tex
File: pgfcorepoints.code.tex 2021/05/15 v3.1.9a (3.1.9a)
\pgf@picminx=\dimen280
\pgf@picmaxx=\dimen281
\pgf@picminy=\dimen282
\pgf@picmaxy=\dimen283
\pgf@pathminx=\dimen284
\pgf@pathmaxx=\dimen285
\pgf@pathminy=\dimen286
\pgf@pathmaxy=\dimen287
\pgf@xx=\dimen288
\pgf@xy=\dimen289
\pgf@yx=\dimen290
\pgf@yy=\dimen291
\pgf@zx=\dimen292
\pgf@zy=\dimen293
)
(/nix/store/dryz6jxrnq7fkbwnvvabfidkhy4mg16f-texlive-combined-full-2021-final/s
hare/texmf/tex/generic/pgf/basiclayer/pgfcorepathconstruct.code.tex
File: pgfcorepathconstruct.code.tex 2021/05/15 v3.1.9a (3.1.9a)
\pgf@path@lastx=\dimen294
\pgf@path@lasty=\dimen295
)
(/nix/store/dryz6jxrnq7fkbwnvvabfidkhy4mg16f-texlive-combined-full-2021-final/s
hare/texmf/tex/generic/pgf/basiclayer/pgfcorepathusage.code.tex
File: pgfcorepathusage.code.tex 2021/05/15 v3.1.9a (3.1.9a)
\pgf@shorten@end@additional=\dimen296
\pgf@shorten@start@additional=\dimen297
)
(/nix/store/dryz6jxrnq7fkbwnvvabfidkhy4mg16f-texlive-combined-full-2021-final/s
hare/texmf/tex/generic/pgf/basiclayer/pgfcorescopes.code.tex
File: pgfcorescopes.code.tex 2021/05/15 v3.1.9a (3.1.9a)
\pgfpic=\box60
\pgf@hbox=\box61
\pgf@layerbox@main=\box62
\pgf@picture@serial@count=\count346
)
(/nix/store/dryz6jxrnq7fkbwnvvabfidkhy4mg16f-texlive-combined-full-2021-final/s
hare/texmf/tex/generic/pgf/basiclayer/pgfcoregraphicstate.code.tex
File: pgfcoregraphicstate.code.tex 2021/05/15 v3.1.9a (3.1.9a)
\pgflinewidth=\dimen298
)
(/nix/store/dryz6jxrnq7fkbwnvvabfidkhy4mg16f-texlive-combined-full-2021-final/s
hare/texmf/tex/generic/pgf/basiclayer/pgfcoretransformations.code.tex
File: pgfcoretransformations.code.tex 2021/05/15 v3.1.9a (3.1.9a)
\pgf@pt@x=\dimen299
\pgf@pt@y=\dimen300
\pgf@pt@temp=\dimen301
)
(/nix/store/dryz6jxrnq7fkbwnvvabfidkhy4mg16f-texlive-combined-full-2021-final/s
hare/texmf/tex/generic/pgf/basiclayer/pgfcorequick.code.tex
File: pgfcorequick.code.tex 2021/05/15 v3.1.9a (3.1.9a)
)
(/nix/store/dryz6jxrnq7fkbwnvvabfidkhy4mg16f-texlive-combined-full-2021-final/s
hare/texmf/tex/generic/pgf/basiclayer/pgfcoreobjects.code.tex
File: pgfcoreobjects.code.tex 2021/05/15 v3.1.9a (3.1.9a)
)
(/nix/store/dryz6jxrnq7fkbwnvvabfidkhy4mg16f-texlive-combined-full-2021-final/s
hare/texmf/tex/generic/pgf/basiclayer/pgfcorepathprocessing.code.tex
File: pgfcorepathprocessing.code.tex 2021/05/15 v3.1.9a (3.1.9a)
)
(/nix/store/dryz6jxrnq7fkbwnvvabfidkhy4mg16f-texlive-combined-full-2021-final/s
hare/texmf/tex/generic/pgf/basiclayer/pgfcorearrows.code.tex
File: pgfcorearrows.code.tex 2021/05/15 v3.1.9a (3.1.9a)
\pgfarrowsep=\dimen302
)
(/nix/store/dryz6jxrnq7fkbwnvvabfidkhy4mg16f-texlive-combined-full-2021-final/s
hare/texmf/tex/generic/pgf/basiclayer/pgfcoreshade.code.tex
File: pgfcoreshade.code.tex 2021/05/15 v3.1.9a (3.1.9a)
\pgf@max=\dimen303
\pgf@sys@shading@range@num=\count347
\pgf@shadingcount=\count348
)
(/nix/store/dryz6jxrnq7fkbwnvvabfidkhy4mg16f-texlive-combined-full-2021-final/s
hare/texmf/tex/generic/pgf/basiclayer/pgfcoreimage.code.tex
File: pgfcoreimage.code.tex 2021/05/15 v3.1.9a (3.1.9a)

(/nix/store/dryz6jxrnq7fkbwnvvabfidkhy4mg16f-texlive-combined-full-2021-final/s
hare/texmf/tex/generic/pgf/basiclayer/pgfcoreexternal.code.tex
File: pgfcoreexternal.code.tex 2021/05/15 v3.1.9a (3.1.9a)
\pgfexternal@startupbox=\box63
))
(/nix/store/dryz6jxrnq7fkbwnvvabfidkhy4mg16f-texlive-combined-full-2021-final/s
hare/texmf/tex/generic/pgf/basiclayer/pgfcorelayers.code.tex
File: pgfcorelayers.code.tex 2021/05/15 v3.1.9a (3.1.9a)
)
(/nix/store/dryz6jxrnq7fkbwnvvabfidkhy4mg16f-texlive-combined-full-2021-final/s
hare/texmf/tex/generic/pgf/basiclayer/pgfcoretransparency.code.tex
File: pgfcoretransparency.code.tex 2021/05/15 v3.1.9a (3.1.9a)
)
(/nix/store/dryz6jxrnq7fkbwnvvabfidkhy4mg16f-texlive-combined-full-2021-final/s
hare/texmf/tex/generic/pgf/basiclayer/pgfcorepatterns.code.tex
File: pgfcorepatterns.code.tex 2021/05/15 v3.1.9a (3.1.9a)
)
(/nix/store/dryz6jxrnq7fkbwnvvabfidkhy4mg16f-texlive-combined-full-2021-final/s
hare/texmf/tex/generic/pgf/basiclayer/pgfcorerdf.code.tex
File: pgfcorerdf.code.tex 2021/05/15 v3.1.9a (3.1.9a)
)))
(/nix/store/dryz6jxrnq7fkbwnvvabfidkhy4mg16f-texlive-combined-full-2021-final/s
hare/texmf/tex/generic/pgf/modules/pgfmoduleshapes.code.tex
File: pgfmoduleshapes.code.tex 2021/05/15 v3.1.9a (3.1.9a)
\pgfnodeparttextbox=\box64
)
(/nix/store/dryz6jxrnq7fkbwnvvabfidkhy4mg16f-texlive-combined-full-2021-final/s
hare/texmf/tex/generic/pgf/modules/pgfmoduleplot.code.tex
File: pgfmoduleplot.code.tex 2021/05/15 v3.1.9a (3.1.9a)
)
(/nix/store/dryz6jxrnq7fkbwnvvabfidkhy4mg16f-texlive-combined-full-2021-final/s
hare/texmf/tex/latex/pgf/compatibility/pgfcomp-version-0-65.sty
Package: pgfcomp-version-0-65 2021/05/15 v3.1.9a (3.1.9a)
\pgf@nodesepstart=\dimen304
\pgf@nodesepend=\dimen305
)
(/nix/store/dryz6jxrnq7fkbwnvvabfidkhy4mg16f-texlive-combined-full-2021-final/s
hare/texmf/tex/latex/pgf/compatibility/pgfcomp-version-1-18.sty
Package: pgfcomp-version-1-18 2021/05/15 v3.1.9a (3.1.9a)
))
(/nix/store/dryz6jxrnq7fkbwnvvabfidkhy4mg16f-texlive-combined-full-2021-final/s
hare/texmf/tex/latex/pgf/utilities/pgffor.sty
(/nix/store/dryz6jxrnq7fkbwnvvabfidkhy4mg16f-texlive-combined-full-2021-final/s
hare/texmf/tex/latex/pgf/utilities/pgfkeys.sty
(/nix/store/dryz6jxrnq7fkbwnvvabfidkhy4mg16f-texlive-combined-full-2021-final/s
hare/texmf/tex/generic/pgf/utilities/pgfkeys.code.tex))
(/nix/store/dryz6jxrnq7fkbwnvvabfidkhy4mg16f-texlive-combined-full-2021-final/s
hare/texmf/tex/latex/pgf/math/pgfmath.sty
(/nix/store/dryz6jxrnq7fkbwnvvabfidkhy4mg16f-texlive-combined-full-2021-final/s
hare/texmf/tex/generic/pgf/math/pgfmath.code.tex))
(/nix/store/dryz6jxrnq7fkbwnvvabfidkhy4mg16f-texlive-combined-full-2021-final/s
hare/texmf/tex/generic/pgf/utilities/pgffor.code.tex
Package: pgffor 2021/05/15 v3.1.9a (3.1.9a)

(/nix/store/dryz6jxrnq7fkbwnvvabfidkhy4mg16f-texlive-combined-full-2021-final/s
hare/texmf/tex/generic/pgf/math/pgfmath.code.tex)
\pgffor@iter=\dimen306
\pgffor@skip=\dimen307
\pgffor@stack=\toks51
\pgffor@toks=\toks52
))
(/nix/store/dryz6jxrnq7fkbwnvvabfidkhy4mg16f-texlive-combined-full-2021-final/s
hare/texmf/tex/generic/pgf/frontendlayer/tikz/tikz.code.tex
Package: tikz 2021/05/15 v3.1.9a (3.1.9a)

(/nix/store/dryz6jxrnq7fkbwnvvabfidkhy4mg16f-texlive-combined-full-2021-final/s
hare/texmf/tex/generic/pgf/libraries/pgflibraryplothandlers.code.tex
File: pgflibraryplothandlers.code.tex 2021/05/15 v3.1.9a (3.1.9a)
\pgf@plot@mark@count=\count349
\pgfplotmarksize=\dimen308
)
\tikz@lastx=\dimen309
\tikz@lasty=\dimen310
\tikz@lastxsaved=\dimen311
\tikz@lastysaved=\dimen312
\tikz@lastmovetox=\dimen313
\tikz@lastmovetoy=\dimen314
\tikzleveldistance=\dimen315
\tikzsiblingdistance=\dimen316
\tikz@figbox=\box65
\tikz@figbox@bg=\box66
\tikz@tempbox=\box67
\tikz@tempbox@bg=\box68
\tikztreelevel=\count350
\tikznumberofchildren=\count351
\tikznumberofcurrentchild=\count352
\tikz@fig@count=\count353

(/nix/store/dryz6jxrnq7fkbwnvvabfidkhy4mg16f-texlive-combined-full-2021-final/s
hare/texmf/tex/generic/pgf/modules/pgfmodulematrix.code.tex
File: pgfmodulematrix.code.tex 2021/05/15 v3.1.9a (3.1.9a)
\pgfmatrixcurrentrow=\count354
\pgfmatrixcurrentcolumn=\count355
\pgf@matrix@numberofcolumns=\count356
)
\tikz@expandcount=\count357

(/nix/store/dryz6jxrnq7fkbwnvvabfidkhy4mg16f-texlive-combined-full-2021-final/s
hare/texmf/tex/generic/pgf/frontendlayer/tikz/libraries/tikzlibrarytopaths.code
.tex
File: tikzlibrarytopaths.code.tex 2021/05/15 v3.1.9a (3.1.9a)
)))
(/nix/store/dryz6jxrnq7fkbwnvvabfidkhy4mg16f-texlive-combined-full-2021-final/s
hare/texmf/tex/generic/tikz-cd/tikzlibrarycd.code.tex
(/nix/store/dryz6jxrnq7fkbwnvvabfidkhy4mg16f-texlive-combined-full-2021-final/s
hare/texmf/tex/generic/pgf/frontendlayer/tikz/libraries/tikzlibrarymatrix.code.
tex
File: tikzlibrarymatrix.code.tex 2021/05/15 v3.1.9a (3.1.9a)
)
(/nix/store/dryz6jxrnq7fkbwnvvabfidkhy4mg16f-texlive-combined-full-2021-final/s
hare/texmf/tex/generic/pgf/frontendlayer/tikz/libraries/tikzlibraryquotes.code.
tex
File: tikzlibraryquotes.code.tex 2021/05/15 v3.1.9a (3.1.9a)
)
(/nix/store/dryz6jxrnq7fkbwnvvabfidkhy4mg16f-texlive-combined-full-2021-final/s
hare/texmf/tex/generic/pgf/libraries/pgflibraryarrows.meta.code.tex
File: pgflibraryarrows.meta.code.tex 2021/05/15 v3.1.9a (3.1.9a)
\pgfarrowinset=\dimen317
\pgfarrowlength=\dimen318
\pgfarrowwidth=\dimen319
\pgfarrowlinewidth=\dimen320
)))
(/nix/store/dryz6jxrnq7fkbwnvvabfidkhy4mg16f-texlive-combined-full-2021-final/s
hare/texmf/tex/latex/amsfonts/amssymb.sty
Package: amssymb 2013/01/14 v3.01 AMS font symbols
)
(/nix/store/dryz6jxrnq7fkbwnvvabfidkhy4mg16f-texlive-combined-full-2021-final/s
hare/texmf/tex/generic/pgf/frontendlayer/tikz/libraries/tikzlibrarycalc.code.te
x
File: tikzlibrarycalc.code.tex 2021/05/15 v3.1.9a (3.1.9a)
)
(/nix/store/dryz6jxrnq7fkbwnvvabfidkhy4mg16f-texlive-combined-full-2021-final/s
hare/texmf/tex/generic/pgf/frontendlayer/tikz/libraries/tikzlibrarydecorations.
pathmorphing.code.tex
(/nix/store/dryz6jxrnq7fkbwnvvabfidkhy4mg16f-texlive-combined-full-2021-final/s
hare/texmf/tex/generic/pgf/frontendlayer/tikz/libraries/tikzlibrarydecorations.
code.tex
(/nix/store/dryz6jxrnq7fkbwnvvabfidkhy4mg16f-texlive-combined-full-2021-final/s
hare/texmf/tex/generic/pgf/modules/pgfmoduledecorations.code.tex
\pgfdecoratedcompleteddistance=\dimen321
\pgfdecoratedremainingdistance=\dimen322
\pgfdecoratedinputsegmentcompleteddistance=\dimen323
\pgfdecoratedinputsegmentremainingdistance=\dimen324
\pgf@decorate@distancetomove=\dimen325
\pgf@decorate@repeatstate=\count358
\pgfdecorationsegmentamplitude=\dimen326
\pgfdecorationsegmentlength=\dimen327
)
\tikz@lib@dec@box=\box69
)
(/nix/store/dryz6jxrnq7fkbwnvvabfidkhy4mg16f-texlive-combined-full-2021-final/s
hare/texmf/tex/generic/pgf/libraries/decorations/pgflibrarydecorations.pathmorp
hing.code.tex)))
(/nix/store/dryz6jxrnq7fkbwnvvabfidkhy4mg16f-texlive-combined-full-2021-final/s
hare/texmf/tex/latex/mathtools/mathtools.sty
Package: mathtools 2022/02/07 v1.28a mathematical typesetting tools

(/nix/store/dryz6jxrnq7fkbwnvvabfidkhy4mg16f-texlive-combined-full-2021-final/s
hare/texmf/tex/latex/tools/calc.sty
Package: calc 2017/05/25 v4.3 Infix arithmetic (KKT,FJ)
\calc@Acount=\count359
\calc@Bcount=\count360
\calc@Adimen=\dimen328
\calc@Bdimen=\dimen329
\calc@Askip=\skip256
\calc@Bskip=\skip257
LaTeX Info: Redefining \setlength on input line 80.
LaTeX Info: Redefining \addtolength on input line 81.
\calc@Ccount=\count361
\calc@Cskip=\skip258
)
(/nix/store/dryz6jxrnq7fkbwnvvabfidkhy4mg16f-texlive-combined-full-2021-final/s
hare/texmf/tex/latex/mathtools/mhsetup.sty
Package: mhsetup 2021/03/18 v1.4 programming setup (MH)
)
\g_MT_multlinerow_int=\count362
\l_MT_multwidth_dim=\dimen330
\origjot=\skip259
\l_MT_shortvdotswithinadjustabove_dim=\dimen331
\l_MT_shortvdotswithinadjustbelow_dim=\dimen332
\l_MT_above_intertext_sep=\dimen333
\l_MT_below_intertext_sep=\dimen334
\l_MT_above_shortintertext_sep=\dimen335
\l_MT_below_shortintertext_sep=\dimen336
\xmathstrut@box=\box70
\xmathstrut@dim=\dimen337
)
(/nix/store/dryz6jxrnq7fkbwnvvabfidkhy4mg16f-texlive-combined-full-2021-final/s
hare/texmf/tex/latex/jknapltx/mathrsfs.sty
Package: mathrsfs 1996/01/01 Math RSFS package v1.0 (jk)
\symrsfs=\mathgroup6
)
(/nix/store/dryz6jxrnq7fkbwnvvabfidkhy4mg16f-texlive-combined-full-2021-final/s
hare/texmf/tex/latex/extpfeil/extpfeil.sty
Package: extpfeil 2009/10/31 v0.4 Extensible Pfeile (PE)

(/nix/store/dryz6jxrnq7fkbwnvvabfidkhy4mg16f-texlive-combined-full-2021-final/s
hare/texmf/tex/latex/stmaryrd/stmaryrd.sty
Package: stmaryrd 1994/03/03 St Mary's Road symbol package
\symstmry=\mathgroup7
LaTeX Font Info:    Overwriting symbol font `stmry' in version `bold'
(Font)                  U/stmry/m/n --> U/stmry/b/n on input line 89.
))
(/nix/store/dryz6jxrnq7fkbwnvvabfidkhy4mg16f-texlive-combined-full-2021-final/s
hare/texmf/tex/latex/lm/lmodern.sty
Package: lmodern 2015/05/01 v1.6.1 Latin Modern Fonts
LaTeX Font Info:    Overwriting symbol font `operators' in version `normal'
(Font)                  OT1/cmr/m/n --> OT1/lmr/m/n on input line 22.
LaTeX Font Info:    Overwriting symbol font `letters' in version `normal'
(Font)                  OML/cmm/m/it --> OML/lmm/m/it on input line 23.
LaTeX Font Info:    Overwriting symbol font `symbols' in version `normal'
(Font)                  OMS/cmsy/m/n --> OMS/lmsy/m/n on input line 24.
LaTeX Font Info:    Overwriting symbol font `largesymbols' in version `normal'
(Font)                  OMX/cmex/m/n --> OMX/lmex/m/n on input line 25.
LaTeX Font Info:    Overwriting symbol font `operators' in version `bold'
(Font)                  OT1/cmr/bx/n --> OT1/lmr/bx/n on input line 26.
LaTeX Font Info:    Overwriting symbol font `letters' in version `bold'
(Font)                  OML/cmm/b/it --> OML/lmm/b/it on input line 27.
LaTeX Font Info:    Overwriting symbol font `symbols' in version `bold'
(Font)                  OMS/cmsy/b/n --> OMS/lmsy/b/n on input line 28.
LaTeX Font Info:    Overwriting symbol font `largesymbols' in version `bold'
(Font)                  OMX/cmex/m/n --> OMX/lmex/m/n on input line 29.
LaTeX Font Info:    Overwriting math alphabet `\mathbf' in version `normal'
(Font)                  OT1/cmr/bx/n --> OT1/lmr/bx/n on input line 31.
LaTeX Font Info:    Overwriting math alphabet `\mathsf' in version `normal'
(Font)                  OT1/cmss/m/n --> OT1/lmss/m/n on input line 32.
LaTeX Font Info:    Overwriting math alphabet `\mathit' in version `normal'
(Font)                  OT1/cmr/m/it --> OT1/lmr/m/it on input line 33.
LaTeX Font Info:    Overwriting math alphabet `\mathtt' in version `normal'
(Font)                  OT1/cmtt/m/n --> OT1/lmtt/m/n on input line 34.
LaTeX Font Info:    Overwriting math alphabet `\mathbf' in version `bold'
(Font)                  OT1/cmr/bx/n --> OT1/lmr/bx/n on input line 35.
LaTeX Font Info:    Overwriting math alphabet `\mathsf' in version `bold'
(Font)                  OT1/cmss/bx/n --> OT1/lmss/bx/n on input line 36.
LaTeX Font Info:    Overwriting math alphabet `\mathit' in version `bold'
(Font)                  OT1/cmr/bx/it --> OT1/lmr/bx/it on input line 37.
LaTeX Font Info:    Overwriting math alphabet `\mathtt' in version `bold'
(Font)                  OT1/cmtt/m/n --> OT1/lmtt/m/n on input line 38.
)
(/nix/store/dryz6jxrnq7fkbwnvvabfidkhy4mg16f-texlive-combined-full-2021-final/s
hare/texmf/tex/latex/lipsum/lipsum.sty
(/nix/store/dryz6jxrnq7fkbwnvvabfidkhy4mg16f-texlive-combined-full-2021-final/s
hare/texmf/tex/latex/l3packages/l3keys2e/l3keys2e.sty
(/nix/store/dryz6jxrnq7fkbwnvvabfidkhy4mg16f-texlive-combined-full-2021-final/s
hare/texmf/tex/latex/l3kernel/expl3.sty
Package: expl3 2022-02-24 L3 programming layer (loader) 

(/nix/store/dryz6jxrnq7fkbwnvvabfidkhy4mg16f-texlive-combined-full-2021-final/s
hare/texmf/tex/latex/l3backend/l3backend-pdftex.def
File: l3backend-pdftex.def 2022-02-07 L3 backend support: PDF output (pdfTeX)
\l__color_backend_stack_int=\count363
\l__pdf_internal_box=\box71
))
Package: l3keys2e 2022-01-12 LaTeX2e option processing using LaTeX3 keys
)
Package: lipsum 2021-09-20 v2.7 150 paragraphs of Lorem Ipsum dummy text
\g__lipsum_par_int=\count364
\l__lipsum_a_int=\count365
\l__lipsum_b_int=\count366

(/nix/store/dryz6jxrnq7fkbwnvvabfidkhy4mg16f-texlive-combined-full-2021-final/s
hare/texmf/tex/latex/lipsum/lipsum.ltd.tex))
(/nix/store/dryz6jxrnq7fkbwnvvabfidkhy4mg16f-texlive-combined-full-2021-final/s
hare/texmf/tex/latex/floatrow/floatrow.sty
Package: floatrow 2008/08/02 v0.3b floatrow: float package extension

(/nix/store/dryz6jxrnq7fkbwnvvabfidkhy4mg16f-texlive-combined-full-2021-final/s
hare/texmf/tex/latex/caption/caption3.sty
Package: caption3 2022/03/17 v2.3b caption3 kernel (AR)
\caption@tempdima=\dimen338
\captionmargin=\dimen339
\caption@leftmargin=\dimen340
\caption@rightmargin=\dimen341
\caption@width=\dimen342
\caption@indent=\dimen343
\caption@parindent=\dimen344
\caption@hangindent=\dimen345
Package caption Info: memoir document class detected.

(/nix/store/dryz6jxrnq7fkbwnvvabfidkhy4mg16f-texlive-combined-full-2021-final/s
hare/texmf/tex/latex/caption/caption-memoir.sto
File: caption-memoir.sto 2022/03/02 v2.2b Adaption of the caption package to th
e memoir document class (AR)
))
\c@float@type=\count367
\float@exts=\toks53
\float@box=\box72
\@floatcapt=\box73
Package floatrow Info: Modified float package code loaded on input line 455.
Package floatrow Info: Modified rotfloat package code loaded on input line 473.

\FR@everyfloat=\toks54
\flrow@foot=\insert247
\FB@wd=\dimen346
\FBo@wd=\dimen347
\FBc@wd=\dimen348
\FBo@ht=\skip260
\FBc@ht=\skip261
\FBf@ht=\skip262
\FBo@max=\skip263
\FBc@max=\skip264
\FBf@max=\skip265
\c@FBl@b=\count368
\floatbox@depth=\count369
\c@FRobj=\count370
\c@FRsobj=\count371
\Xhsize=\skip266
\sXhsize=\skip267
\Zhsize=\skip268
\sZhsize=\skip269
\flrow@rowbox=\box74
\FR@Zunitlength=\dimen349
\c@FBcnt=\count372
\FPOScnt=\count373
\LTleft=\skip270
\LTright=\skip271
\LTleft=\skip272
\LTright=\skip273
\flrow@types=\toks55
)
(/nix/store/dryz6jxrnq7fkbwnvvabfidkhy4mg16f-texlive-combined-full-2021-final/s
hare/texmf/tex/latex/caption/caption.sty
Package: caption 2022/03/01 v3.6b Customizing captions (AR)
\c@caption@flags=\count374
\c@continuedfloat=\count375
Package caption Info: changepage package is loaded.
\caption@adjustwidth@hsize=\dimen350
\caption@adjustwidth@linewidth=\dimen351
Package caption Info: float package is loaded.
Package caption Info: floatrow package is loaded.
Package caption Info: hyperref package is loaded.
)
(/nix/store/dryz6jxrnq7fkbwnvvabfidkhy4mg16f-texlive-combined-full-2021-final/s
hare/texmf/tex/latex/caption/subcaption.sty
Package: subcaption 2022/01/07 v1.5 Sub-captions (AR)
\c@subfigure=\count376
\c@subtable=\count377
)
(/nix/store/dryz6jxrnq7fkbwnvvabfidkhy4mg16f-texlive-combined-full-2021-final/s
hare/texmf/tex/latex/pgfplots/pgfplots.sty
(/nix/store/dryz6jxrnq7fkbwnvvabfidkhy4mg16f-texlive-combined-full-2021-final/s
hare/texmf/tex/generic/pgfplots/pgfplots.revision.tex)
Package: pgfplots 2021/05/15 v1.18.1 Data Visualization (1.18.1)

(/nix/store/dryz6jxrnq7fkbwnvvabfidkhy4mg16f-texlive-combined-full-2021-final/s
hare/texmf/tex/generic/pgfplots/pgfplots.code.tex
(/nix/store/dryz6jxrnq7fkbwnvvabfidkhy4mg16f-texlive-combined-full-2021-final/s
hare/texmf/tex/generic/pgfplots/pgfplotscore.code.tex
\t@pgfplots@toka=\toks56
\t@pgfplots@tokb=\toks57
\t@pgfplots@tokc=\toks58
\pgfplots@tmpa=\dimen352
\c@pgfplots@coordindex=\count378
\c@pgfplots@scanlineindex=\count379

(/nix/store/dryz6jxrnq7fkbwnvvabfidkhy4mg16f-texlive-combined-full-2021-final/s
hare/texmf/tex/generic/pgfplots/sys/pgfplotssysgeneric.code.tex))
(/nix/store/dryz6jxrnq7fkbwnvvabfidkhy4mg16f-texlive-combined-full-2021-final/s
hare/texmf/tex/generic/pgfplots/libs/pgfplotslibrary.code.tex)
(/nix/store/dryz6jxrnq7fkbwnvvabfidkhy4mg16f-texlive-combined-full-2021-final/s
hare/texmf/tex/generic/pgfplots/oldpgfcompatib/pgfplotsoldpgfsupp_loader.code.t
ex
(/nix/store/dryz6jxrnq7fkbwnvvabfidkhy4mg16f-texlive-combined-full-2021-final/s
hare/texmf/tex/generic/pgf/libraries/pgflibraryfpu.code.tex))
(/nix/store/dryz6jxrnq7fkbwnvvabfidkhy4mg16f-texlive-combined-full-2021-final/s
hare/texmf/tex/generic/pgfplots/util/pgfplotsutil.code.tex
(/nix/store/dryz6jxrnq7fkbwnvvabfidkhy4mg16f-texlive-combined-full-2021-final/s
hare/texmf/tex/generic/pgfplots/liststructure/pgfplotsliststructure.code.tex)
(/nix/store/dryz6jxrnq7fkbwnvvabfidkhy4mg16f-texlive-combined-full-2021-final/s
hare/texmf/tex/generic/pgfplots/liststructure/pgfplotsliststructureext.code.tex
)
(/nix/store/dryz6jxrnq7fkbwnvvabfidkhy4mg16f-texlive-combined-full-2021-final/s
hare/texmf/tex/generic/pgfplots/liststructure/pgfplotsarray.code.tex
\c@pgfplotsarray@tmp=\count380
)
(/nix/store/dryz6jxrnq7fkbwnvvabfidkhy4mg16f-texlive-combined-full-2021-final/s
hare/texmf/tex/generic/pgfplots/liststructure/pgfplotsmatrix.code.tex)
(/nix/store/dryz6jxrnq7fkbwnvvabfidkhy4mg16f-texlive-combined-full-2021-final/s
hare/texmf/tex/generic/pgfplots/numtable/pgfplotstableshared.code.tex
\c@pgfplotstable@counta=\count381
\t@pgfplotstable@a=\toks59
)
(/nix/store/dryz6jxrnq7fkbwnvvabfidkhy4mg16f-texlive-combined-full-2021-final/s
hare/texmf/tex/generic/pgfplots/liststructure/pgfplotsdeque.code.tex)
(/nix/store/dryz6jxrnq7fkbwnvvabfidkhy4mg16f-texlive-combined-full-2021-final/s
hare/texmf/tex/generic/pgfplots/util/pgfplotsbinary.code.tex
(/nix/store/dryz6jxrnq7fkbwnvvabfidkhy4mg16f-texlive-combined-full-2021-final/s
hare/texmf/tex/generic/pgfplots/util/pgfplotsbinary.data.code.tex))
(/nix/store/dryz6jxrnq7fkbwnvvabfidkhy4mg16f-texlive-combined-full-2021-final/s
hare/texmf/tex/generic/pgfplots/util/pgfplotsutil.verb.code.tex)
(/nix/store/dryz6jxrnq7fkbwnvvabfidkhy4mg16f-texlive-combined-full-2021-final/s
hare/texmf/tex/generic/pgfplots/libs/pgflibrarypgfplots.surfshading.code.tex
\c@pgfplotslibrarysurf@no=\count382

(/nix/store/dryz6jxrnq7fkbwnvvabfidkhy4mg16f-texlive-combined-full-2021-final/s
hare/texmf/tex/generic/pgfplots/sys/pgflibrarypgfplots.surfshading.pgfsys-pdfte
x.def)))
(/nix/store/dryz6jxrnq7fkbwnvvabfidkhy4mg16f-texlive-combined-full-2021-final/s
hare/texmf/tex/generic/pgfplots/util/pgfplotscolormap.code.tex
(/nix/store/dryz6jxrnq7fkbwnvvabfidkhy4mg16f-texlive-combined-full-2021-final/s
hare/texmf/tex/generic/pgfplots/util/pgfplotscolor.code.tex))
(/nix/store/dryz6jxrnq7fkbwnvvabfidkhy4mg16f-texlive-combined-full-2021-final/s
hare/texmf/tex/generic/pgfplots/pgfplotsstackedplots.code.tex)
(/nix/store/dryz6jxrnq7fkbwnvvabfidkhy4mg16f-texlive-combined-full-2021-final/s
hare/texmf/tex/generic/pgfplots/pgfplotsplothandlers.code.tex
(/nix/store/dryz6jxrnq7fkbwnvvabfidkhy4mg16f-texlive-combined-full-2021-final/s
hare/texmf/tex/generic/pgfplots/pgfplotsmeshplothandler.code.tex
(/nix/store/dryz6jxrnq7fkbwnvvabfidkhy4mg16f-texlive-combined-full-2021-final/s
hare/texmf/tex/generic/pgfplots/pgfplotsmeshplotimage.code.tex)))
(/nix/store/dryz6jxrnq7fkbwnvvabfidkhy4mg16f-texlive-combined-full-2021-final/s
hare/texmf/tex/generic/pgfplots/pgfplots.scaling.code.tex)
(/nix/store/dryz6jxrnq7fkbwnvvabfidkhy4mg16f-texlive-combined-full-2021-final/s
hare/texmf/tex/generic/pgfplots/pgfplotscoordprocessing.code.tex)
(/nix/store/dryz6jxrnq7fkbwnvvabfidkhy4mg16f-texlive-combined-full-2021-final/s
hare/texmf/tex/generic/pgfplots/pgfplots.errorbars.code.tex)
(/nix/store/dryz6jxrnq7fkbwnvvabfidkhy4mg16f-texlive-combined-full-2021-final/s
hare/texmf/tex/generic/pgfplots/pgfplots.markers.code.tex)
(/nix/store/dryz6jxrnq7fkbwnvvabfidkhy4mg16f-texlive-combined-full-2021-final/s
hare/texmf/tex/generic/pgfplots/pgfplotsticks.code.tex)
(/nix/store/dryz6jxrnq7fkbwnvvabfidkhy4mg16f-texlive-combined-full-2021-final/s
hare/texmf/tex/generic/pgfplots/pgfplots.paths.code.tex)
(/nix/store/dryz6jxrnq7fkbwnvvabfidkhy4mg16f-texlive-combined-full-2021-final/s
hare/texmf/tex/generic/pgf/frontendlayer/tikz/libraries/tikzlibrarydecorations.
pathreplacing.code.tex
(/nix/store/dryz6jxrnq7fkbwnvvabfidkhy4mg16f-texlive-combined-full-2021-final/s
hare/texmf/tex/generic/pgf/libraries/decorations/pgflibrarydecorations.pathrepl
acing.code.tex))
(/nix/store/dryz6jxrnq7fkbwnvvabfidkhy4mg16f-texlive-combined-full-2021-final/s
hare/texmf/tex/generic/pgfplots/libs/tikzlibrarypgfplots.contourlua.code.tex)
\pgfplots@numplots=\count383
\pgfplots@xmin@reg=\dimen353
\pgfplots@xmax@reg=\dimen354
\pgfplots@ymin@reg=\dimen355
\pgfplots@ymax@reg=\dimen356
\pgfplots@zmin@reg=\dimen357
\pgfplots@zmax@reg=\dimen358
)
(/nix/store/dryz6jxrnq7fkbwnvvabfidkhy4mg16f-texlive-combined-full-2021-final/s
hare/texmf/tex/generic/pgf/frontendlayer/tikz/libraries/tikzlibraryplotmarks.co
de.tex
File: tikzlibraryplotmarks.code.tex 2021/05/15 v3.1.9a (3.1.9a)

(/nix/store/dryz6jxrnq7fkbwnvvabfidkhy4mg16f-texlive-combined-full-2021-final/s
hare/texmf/tex/generic/pgf/libraries/pgflibraryplotmarks.code.tex
File: pgflibraryplotmarks.code.tex 2021/05/15 v3.1.9a (3.1.9a)
)))
(/nix/store/dryz6jxrnq7fkbwnvvabfidkhy4mg16f-texlive-combined-full-2021-final/s
hare/texmf/tex/latex/asymptote/asymptote.sty
Package: asymptote 2021/02/06 v1.36 Asymptote style file for LaTeX
 (./main.pre)
\ASYbox=\box75
\ASYdimen=\dimen359
\c@asy=\count384
\AsyStream=\write5
\AsyPreStream=\write6

(/nix/store/dryz6jxrnq7fkbwnvvabfidkhy4mg16f-texlive-combined-full-2021-final/s
hare/texmf/tex/latex/base/ifthen.sty
Package: ifthen 2020/11/24 v1.1c Standard LaTeX ifthen package (DPC)
)
(/nix/store/dryz6jxrnq7fkbwnvvabfidkhy4mg16f-texlive-combined-full-2021-final/s
hare/texmf/tex/generic/iftex/ifpdf.sty
Package: ifpdf 2019/10/25 v3.4 ifpdf legacy package. Use iftex instead.
)
(/nix/store/dryz6jxrnq7fkbwnvvabfidkhy4mg16f-texlive-combined-full-2021-final/s
hare/texmf/tex/generic/iftex/ifxetex.sty
Package: ifxetex 2019/10/25 v0.7 ifxetex legacy package. Use iftex instead.
)
(/nix/store/dryz6jxrnq7fkbwnvvabfidkhy4mg16f-texlive-combined-full-2021-final/s
hare/texmf/tex/generic/catchfile/catchfile.sty
Package: catchfile 2019/12/09 v1.8 Catch the contents of a file (HO)
)
\openout6 = `main.pre'.

)
(/nix/store/dryz6jxrnq7fkbwnvvabfidkhy4mg16f-texlive-combined-full-2021-final/s
hare/texmf/tex/latex/import/import.sty
Package: import 2020/04/01  v 6.2
)
(/nix/store/dryz6jxrnq7fkbwnvvabfidkhy4mg16f-texlive-combined-full-2021-final/s
hare/texmf/tex/latex/bussproofs/bussproofs.sty
Proof Tree (bussproofs) style macros. Version 1.1.
\theLevel=\count385
\myMaxLevel=\count386
\myBoxA=\box76
\myBoxB=\box77
\myBoxC=\box78
\myBoxD=\box79
\myBoxLL=\box80
\myBoxRL=\box81
\thisAboveSkip=\dimen360
\thisBelowSkip=\dimen361
\newScoreStart=\dimen362
\newScoreEnd=\dimen363
\newCenter=\dimen364
\displace=\dimen365
\leftLowerAmt=\dimen366
\rightLowerAmt=\dimen367
\scoreHeight=\dimen368
\scoreDepth=\dimen369
\htLbox=\dimen370
\htRbox=\dimen371
\htRRbox=\dimen372
\htRRRbox=\dimen373
\htAbox=\dimen374
\htCbox=\dimen375
)
(/nix/store/dryz6jxrnq7fkbwnvvabfidkhy4mg16f-texlive-combined-full-2021-final/s
hare/texmf/tex/generic/pgf/frontendlayer/tikz/libraries/tikzlibrarypatterns.cod
e.tex
File: tikzlibrarypatterns.code.tex 2021/05/15 v3.1.9a (3.1.9a)

(/nix/store/dryz6jxrnq7fkbwnvvabfidkhy4mg16f-texlive-combined-full-2021-final/s
hare/texmf/tex/generic/pgf/libraries/pgflibrarypatterns.code.tex
File: pgflibrarypatterns.code.tex 2021/05/15 v3.1.9a (3.1.9a)
))
Package hyperref Info: Option `colorlinks' set `true' on input line 50.
\c@theorem=\count387
)
LaTeX Font Info:    Trying to load font information for T1+lmr on input line 8.


(/nix/store/dryz6jxrnq7fkbwnvvabfidkhy4mg16f-texlive-combined-full-2021-final/s
hare/texmf/tex/latex/lm/t1lmr.fd
File: t1lmr.fd 2015/05/01 v1.6.1 Font defs for Latin Modern
) (./main.aux)
\openout1 = `main.aux'.

LaTeX Font Info:    Checking defaults for OML/cmm/m/it on input line 8.
LaTeX Font Info:    ... okay on input line 8.
LaTeX Font Info:    Checking defaults for OMS/cmsy/m/n on input line 8.
LaTeX Font Info:    ... okay on input line 8.
LaTeX Font Info:    Checking defaults for OT1/cmr/m/n on input line 8.
LaTeX Font Info:    ... okay on input line 8.
LaTeX Font Info:    Checking defaults for T1/cmr/m/n on input line 8.
LaTeX Font Info:    ... okay on input line 8.
LaTeX Font Info:    Checking defaults for TS1/cmr/m/n on input line 8.
LaTeX Font Info:    ... okay on input line 8.
LaTeX Font Info:    Checking defaults for OMX/cmex/m/n on input line 8.
LaTeX Font Info:    ... okay on input line 8.
LaTeX Font Info:    Checking defaults for U/cmr/m/n on input line 8.
LaTeX Font Info:    ... okay on input line 8.
LaTeX Font Info:    Checking defaults for PD1/pdf/m/n on input line 8.
LaTeX Font Info:    ... okay on input line 8.
LaTeX Font Info:    Checking defaults for PU/pdf/m/n on input line 8.
LaTeX Font Info:    ... okay on input line 8.
Package hyperref Info: Link coloring ON on input line 8.

(/nix/store/dryz6jxrnq7fkbwnvvabfidkhy4mg16f-texlive-combined-full-2021-final/s
hare/texmf/tex/latex/hyperref/nameref.sty
Package: nameref 2021-04-02 v2.47 Cross-referencing by name of section

(/nix/store/dryz6jxrnq7fkbwnvvabfidkhy4mg16f-texlive-combined-full-2021-final/s
hare/texmf/tex/latex/refcount/refcount.sty
Package: refcount 2019/12/15 v3.6 Data extraction from label references (HO)
)
(/nix/store/dryz6jxrnq7fkbwnvvabfidkhy4mg16f-texlive-combined-full-2021-final/s
hare/texmf/tex/generic/gettitlestring/gettitlestring.sty
Package: gettitlestring 2019/12/15 v1.6 Cleanup title references (HO)
)
\c@section@level=\count388
)
Redoing nameref's sectioning
Redoing nameref's label
LaTeX Info: Redefining \nameref on input line 8.
LaTeX Info: Redefining \ref on input line 8.
LaTeX Info: Redefining \pageref on input line 8.
LaTeX Info: Redefining \nameref on input line 8.
(./main.out) (./main.out)
\@outlinefile=\write7
\openout7 = `main.out'.


(/nix/store/dryz6jxrnq7fkbwnvvabfidkhy4mg16f-texlive-combined-full-2021-final/s
hare/texmf/tex/context/base/mkii/supp-pdf.mkii
[Loading MPS to PDF converter (version 2006.09.02).]
\scratchcounter=\count389
\scratchdimen=\dimen376
\scratchbox=\box82
\nofMPsegments=\count390
\nofMParguments=\count391
\everyMPshowfont=\toks60
\MPscratchCnt=\count392
\MPscratchDim=\dimen377
\MPnumerator=\count393
\makeMPintoPDFobject=\count394
\everyMPtoPDFconversion=\toks61
)
(/nix/store/dryz6jxrnq7fkbwnvvabfidkhy4mg16f-texlive-combined-full-2021-final/s
hare/texmf/tex/latex/epstopdf-pkg/epstopdf-base.sty
Package: epstopdf-base 2020-01-24 v2.11 Base part for package epstopdf
Package epstopdf-base Info: Redefining graphics rule for `.eps' on input line 4
85.

(/nix/store/dryz6jxrnq7fkbwnvvabfidkhy4mg16f-texlive-combined-full-2021-final/s
hare/texmf/tex/latex/latexconfig/epstopdf-sys.cfg
File: epstopdf-sys.cfg 2010/07/13 v1.3 Configuration of (r)epstopdf for TeX Liv
e
))
*geometry* driver: auto-detecting
*geometry* detected driver: pdftex
*geometry* verbose mode - [ preamble ] result:
* driver: pdftex
* paper: a4paper
* layout: <same size as paper>
* layoutoffset:(h,v)=(0.0pt,0.0pt)
* hratio: 1:1
* vratio: 1:1
* modes: twoside 
* h-part:(L,W,R)=(100.01144pt, 397.48499pt, 100.01144pt)
* v-part:(T,H,B)=(90.08153pt, 664.88377pt, 90.08154pt)
* \paperwidth=597.50787pt
* \paperheight=845.04684pt
* \textwidth=397.48499pt
* \textheight=664.88377pt
* \oddsidemargin=27.74146pt
* \evensidemargin=27.74146pt
* \topmargin=-15.66226pt
* \headheight=13.6pt
* \headsep=19.8738pt
* \topskip=11.0pt
* \footskip=27.46295pt
* \marginparwidth=111.0pt
* \marginparsep=7.0pt
* \columnsep=10.0pt
* \skip\footins=12.0pt plus 4.0pt minus 4.0pt
* \hoffset=0.0pt
* \voffset=0.0pt
* \mag=1000
* \@twocolumnfalse
* \@twosidetrue
* \@mparswitchtrue
* \@reversemarginfalse
* (1in=72.27pt=25.4mm, 1cm=28.453pt)

Package caption Info: Begin \AtBeginDocument code.
Package caption Info: End \AtBeginDocument code.
Package pgfplots notification 'compat/show suggested version=true': you might b
enefit from \pgfplotsset{compat=1.18} (current compat level: 1.10).

(././front.tex
LaTeX Font Info:    Trying to load font information for OT1+lmr on input line 4
.

(/nix/store/dryz6jxrnq7fkbwnvvabfidkhy4mg16f-texlive-combined-full-2021-final/s
hare/texmf/tex/latex/lm/ot1lmr.fd
File: ot1lmr.fd 2015/05/01 v1.6.1 Font defs for Latin Modern
)
LaTeX Font Info:    Trying to load font information for OML+lmm on input line 4
.

(/nix/store/dryz6jxrnq7fkbwnvvabfidkhy4mg16f-texlive-combined-full-2021-final/s
hare/texmf/tex/latex/lm/omllmm.fd
File: omllmm.fd 2015/05/01 v1.6.1 Font defs for Latin Modern
)
LaTeX Font Info:    Trying to load font information for OMS+lmsy on input line 
4.

(/nix/store/dryz6jxrnq7fkbwnvvabfidkhy4mg16f-texlive-combined-full-2021-final/s
hare/texmf/tex/latex/lm/omslmsy.fd
File: omslmsy.fd 2015/05/01 v1.6.1 Font defs for Latin Modern
)
LaTeX Font Info:    Trying to load font information for OMX+lmex on input line 
4.

(/nix/store/dryz6jxrnq7fkbwnvvabfidkhy4mg16f-texlive-combined-full-2021-final/s
hare/texmf/tex/latex/lm/omxlmex.fd
File: omxlmex.fd 2015/05/01 v1.6.1 Font defs for Latin Modern
)
LaTeX Font Info:    External font `lmex10' loaded for size
(Font)              <12> on input line 4.
LaTeX Font Info:    External font `lmex10' loaded for size
(Font)              <8> on input line 4.
LaTeX Font Info:    External font `lmex10' loaded for size
(Font)              <6> on input line 4.
LaTeX Font Info:    Trying to load font information for U+msa on input line 4.

(/nix/store/dryz6jxrnq7fkbwnvvabfidkhy4mg16f-texlive-combined-full-2021-final/s
hare/texmf/tex/latex/amsfonts/umsa.fd
File: umsa.fd 2013/01/14 v3.01 AMS symbols A
)
LaTeX Font Info:    Trying to load font information for U+msb on input line 4.

(/nix/store/dryz6jxrnq7fkbwnvvabfidkhy4mg16f-texlive-combined-full-2021-final/s
hare/texmf/tex/latex/amsfonts/umsb.fd
File: umsb.fd 2013/01/14 v3.01 AMS symbols B
)
LaTeX Font Info:    Trying to load font information for U+rsfs on input line 4.


(/nix/store/dryz6jxrnq7fkbwnvvabfidkhy4mg16f-texlive-combined-full-2021-final/s
hare/texmf/tex/latex/jknapltx/ursfs.fd
File: ursfs.fd 1998/03/24 rsfs font definition file (jk)
)
LaTeX Font Info:    Trying to load font information for U+stmry on input line 4
.

(/nix/store/dryz6jxrnq7fkbwnvvabfidkhy4mg16f-texlive-combined-full-2021-final/s
hare/texmf/tex/latex/stmaryrd/Ustmry.fd) (./chapters/abstract.tex
LaTeX Font Info:    External font `lmex10' loaded for size
(Font)              <10.95> on input line 1.
) [1


{/nix/store/dryz6jxrnq7fkbwnvvabfidkhy4mg16f-texlive-combined-full-2021-final/s
hare/texmf-var/fonts/map/pdftex/updmap/pdftex.map}] [2

]pdfTeX warning (ext4): destination with the same identifier (name{page.i}) has
 been already used, duplicate ignored
<to be read again> 
                   \relax 
l.10 \newpage
              [1] (./main.toc))pdfTeX warning (ext4): destination with the same
 identifier (name{page.ii}) has been already used, duplicate ignored
<to be read again> 
                   \relax 
l.14 
      [2] (./chapters/introduction.tex
LaTeX Font Info:    Trying to load font information for OT1+lmss on input line 
2.

(/nix/store/dryz6jxrnq7fkbwnvvabfidkhy4mg16f-texlive-combined-full-2021-final/s
hare/texmf/tex/latex/lm/ot1lmss.fd
File: ot1lmss.fd 2015/05/01 v1.6.1 Font defs for Latin Modern
) [1


] [2]
LaTeX Font Info:    Trying to load font information for U+euf on input line 82.


(/nix/store/dryz6jxrnq7fkbwnvvabfidkhy4mg16f-texlive-combined-full-2021-final/s
hare/texmf/tex/latex/amsfonts/ueuf.fd
File: ueuf.fd 2013/01/14 v3.01 Euler Fraktur
)) [3] [4] (./chapters/etale.tex
(./chapters/etale_algebra.tex [5

]

LaTeX Warning: Citation `Szamuely' on page 6 undefined on input line 23.

[6] [7]
Underfull \hbox (badness 10000) in paragraph at lines 104--107

 []

[8]
Underfull \hbox (badness 10000) in paragraph at lines 135--138

 []


LaTeX Warning: Reference `theorem:fiber_representable' on page 9 undefined on i
nput line 139.


LaTeX Warning: Citation `Szamuely' on page 9 undefined on input line 153.


LaTeX Warning: Citation `konradSep' on page 9 undefined on input line 179.

) (./chapters/etale_geometry.tex

LaTeX Warning: Reference `theorem:locallyTrivial' on page 9 undefined on input 
line 2.

[9]

LaTeX Warning: Citation `milneEC' on page 10 undefined on input line 35.

[10]

LaTeX Warning: Reference `theorem:fiber_functor' on page 11 undefined on input 
line 81.

LaTeX Font Info:    External font `lmex10' loaded for size
(Font)              <9> on input line 84.
LaTeX Font Info:    External font `lmex10' loaded for size
(Font)              <5> on input line 84.
[11] [12]

LaTeX Warning: Citation `Szamuely' on page 13 undefined on input line 140.

[13]

LaTeX Warning: Reference `theorem:locallyTrivial' on page 14 undefined on input
 line 211.


LaTeX Warning: Citation `Szamuely' on page 14 undefined on input line 227.


Overfull \hbox (5.17435pt too wide) in paragraph at lines 232--233
[][]\T1/lmr/bx/n/10.95 Lemma 2.38. []\T1/lmr/m/n/10.95 If $\OML/lmm/m/it/10.95 
Y$ \T1/lmr/m/n/10.95 is a con-nected scheme over $\OML/lmm/m/it/10.95 X$ \T1/lm
r/m/n/10.95 and two $\OML/lmm/m/it/10.95 X$\T1/lmr/m/n/10.95 -morphisms $\OML/l
mm/m/it/10.95 f[]; f[] [] [] Y [][]\OMS/lmsy/m/n/10.95 !
 []


LaTeX Warning: Citation `Szamuely' on page 14 undefined on input line 236.

[14]

LaTeX Warning: Reference `prop:galois_cover_construction' on page 15 undefined 
on input line 278.


LaTeX Warning: Reference `lemma:rigidity' on page 15 undefined on input line 27
8.


LaTeX Warning: Reference `prop:galois_cover_construction' on page 15 undefined 
on input line 278.

[15]

LaTeX Warning: Reference `theorem:pro_representability' on page 16 undefined on
 input line 306.


LaTeX Warning: Reference `corollary:aut_is_finite' on page 16 undefined on inpu
t line 306.


LaTeX Warning: Citation `SGA1' on page 16 undefined on input line 315.

)) [16] (./chapters/sheaves.tex

LaTeX Warning: Citation `Blechschmidt' on page 17 undefined on input line 31.

[17

]

LaTeX Warning: Citation `EGA3' on page 18 undefined on input line 40.

LaTeX Font Info:    Trying to load font information for TS1+lmr on input line 5
2.

(/nix/store/dryz6jxrnq7fkbwnvvabfidkhy4mg16f-texlive-combined-full-2021-final/s
hare/texmf/tex/latex/lm/ts1lmr.fd
File: ts1lmr.fd 2015/05/01 v1.6.1 Font defs for Latin Modern
) [18] (./chapters/sites.tex [19]

LaTeX Warning: Citation `SIGL' on page 20 undefined on input line 55.

[20]

LaTeX Warning: Reference `' on page 21 undefined on input line 78.

) (./chapters/subobjects.tex [21]

LaTeX Warning: Citation `SIGL' on page 22 undefined on input line 40.

[22] [23]) (./chapters/etale_sheaves.tex
Overfull \hbox (14.02214pt too wide) in paragraph at lines 33--34
[][] 
 []


LaTeX Warning: Reference `diagram:equalizer' on page 24 undefined on input line
 48.


LaTeX Warning: Reference `def:sheaves' on page 24 undefined on input line 48.

[24]

LaTeX Warning: Reference `thm:associated_sheaf' on page 25 undefined on input l
ine 87.


LaTeX Warning: Citation `SIGL' on page 25 undefined on input line 88.


LaTeX Warning: Citation `Borceux3' on page 25 undefined on input line 96.

[25] [26]

LaTeX Warning: Citation `milneLEC' on page 27 undefined on input line 171.

[27]

LaTeX Warning: Reference `prop:classifier' on page 28 undefined on input line 3
22.


LaTeX Warning: Citation `SIGL' on page 28 undefined on input line 339.

[28]

LaTeX Warning: Citation `SIGL' on page 29 undefined on input line 363.

)) [29] (./chapters/cohomology.tex [30

] (./chapters/etale_cohomology.tex
[31] [32] [33]

LaTeX Warning: Citation `SIGL' on page 34 undefined on input line 137.


LaTeX Warning: Citation `Hartshorne' on page 34 undefined on input line 208.

[34]
Overfull \hbox (5.1945pt too wide) in paragraph at lines 252--253
\T1/lmr/m/n/10.95 Then the first Ga-lois co-ho-mol-ogy group with co-ef-fi-cien
ts in $\OML/lmm/m/it/10.95 L[]$ \T1/lmr/m/n/10.95 is triv-ial: $\OML/lmm/m/it/1
0.95 H[]\OT1/lmr/m/n/10.95 (\OML/lmm/m/it/10.95 G; L[]\OT1/lmr/m/n/10.95 ) =
 []

[35]

LaTeX Warning: Citation `SIGL' on page 36 undefined on input line 269.

\myBox1=\box83
\myScoreStart1=\dimen378
\myCenter1=\dimen379
\myScoreEnd1=\dimen380
\myBox2=\box84
\myScoreStart2=\dimen381
\myCenter2=\dimen382
\myScoreEnd2=\dimen383

Underfull \hbox (badness 10000) in paragraph at lines 279--280

 []


Underfull \hbox (badness 10000) in paragraph at lines 285--286

 []

[36]
! Missing } inserted.
<inserted text> 
                }
l.369 	\end{align*}
                   
? x
 
Here is how much of TeX's memory you used:
 41154 strings out of 478278
 950471 string characters out of 5819600
 1429932 words of memory out of 5000000
 58427 multiletter control sequences out of 15000+600000
 579156 words of font info for 108 fonts, out of 8000000 for 9000
 1141 hyphenation exceptions out of 8191
 144i,19n,146p,2119b,1117s stack positions out of 5000i,500n,10000p,200000b,80000s
{/nix/store/dryz6jxrnq7fkbwnvvabfidkhy4mg16f-texlive-combined-full-2021-final/s
hare/texmf/fonts/enc/dvips/lm/lm-rm.enc}{/nix/store/dryz6jxrnq7fkbwnvvabfidkhy4
mg16f-texlive-combined-full-2021-final/share/texmf/fonts/enc/dvips/lm/lm-mathsy
.enc}{/nix/store/dryz6jxrnq7fkbwnvvabfidkhy4mg16f-texlive-combined-full-2021-fi
nal/share/texmf/fonts/enc/dvips/lm/lm-ts1.enc}{/nix/store/dryz6jxrnq7fkbwnvvabf
idkhy4mg16f-texlive-combined-full-2021-final/share/texmf/fonts/enc/dvips/lm/lm-
mathit.enc}{/nix/store/dryz6jxrnq7fkbwnvvabfidkhy4mg16f-texlive-combined-full-2
021-final/share/texmf/fonts/enc/dvips/lm/lm-ec.enc}{/nix/store/dryz6jxrnq7fkbwn
vvabfidkhy4mg16f-texlive-combined-full-2021-final/share/texmf/fonts/enc/dvips/l
m/lm-mathex.enc}</nix/store/dryz6jxrnq7fkbwnvvabfidkhy4mg16f-texlive-combined-f
ull-2021-final/share/texmf/fonts/type1/public/amsfonts/euler/eufm10.pfb></nix/s
tore/dryz6jxrnq7fkbwnvvabfidkhy4mg16f-texlive-combined-full-2021-final/share/te
xmf/fonts/type1/public/lm/lmbx10.pfb></nix/store/dryz6jxrnq7fkbwnvvabfidkhy4mg1
6f-texlive-combined-full-2021-final/share/texmf/fonts/type1/public/lm/lmbx12.pf
b></nix/store/dryz6jxrnq7fkbwnvvabfidkhy4mg16f-texlive-combined-full-2021-final
/share/texmf/fonts/type1/public/lm/lmbx8.pfb></nix/store/dryz6jxrnq7fkbwnvvabfi
dkhy4mg16f-texlive-combined-full-2021-final/share/texmf/fonts/type1/public/lm/l
mex10.pfb></nix/store/dryz6jxrnq7fkbwnvvabfidkhy4mg16f-texlive-combined-full-20
21-final/share/texmf/fonts/type1/public/lm/lmmi10.pfb></nix/store/dryz6jxrnq7fk
bwnvvabfidkhy4mg16f-texlive-combined-full-2021-final/share/texmf/fonts/type1/pu
blic/lm/lmmi12.pfb></nix/store/dryz6jxrnq7fkbwnvvabfidkhy4mg16f-texlive-combine
d-full-2021-final/share/texmf/fonts/type1/public/lm/lmmi6.pfb></nix/store/dryz6
jxrnq7fkbwnvvabfidkhy4mg16f-texlive-combined-full-2021-final/share/texmf/fonts/
type1/public/lm/lmmi8.pfb></nix/store/dryz6jxrnq7fkbwnvvabfidkhy4mg16f-texlive-
combined-full-2021-final/share/texmf/fonts/type1/public/lm/lmmi9.pfb></nix/stor
e/dryz6jxrnq7fkbwnvvabfidkhy4mg16f-texlive-combined-full-2021-final/share/texmf
/fonts/type1/public/lm/lmr10.pfb></nix/store/dryz6jxrnq7fkbwnvvabfidkhy4mg16f-t
exlive-combined-full-2021-final/share/texmf/fonts/type1/public/lm/lmr12.pfb></n
ix/store/dryz6jxrnq7fkbwnvvabfidkhy4mg16f-texlive-combined-full-2021-final/shar
e/texmf/fonts/type1/public/lm/lmr17.pfb></nix/store/dryz6jxrnq7fkbwnvvabfidkhy4
mg16f-texlive-combined-full-2021-final/share/texmf/fonts/type1/public/lm/lmr6.p
fb></nix/store/dryz6jxrnq7fkbwnvvabfidkhy4mg16f-texlive-combined-full-2021-fina
l/share/texmf/fonts/type1/public/lm/lmr8.pfb></nix/store/dryz6jxrnq7fkbwnvvabfi
dkhy4mg16f-texlive-combined-full-2021-final/share/texmf/fonts/type1/public/lm/l
mr9.pfb></nix/store/dryz6jxrnq7fkbwnvvabfidkhy4mg16f-texlive-combined-full-2021
-final/share/texmf/fonts/type1/public/lm/lmri10.pfb></nix/store/dryz6jxrnq7fkbw
nvvabfidkhy4mg16f-texlive-combined-full-2021-final/share/texmf/fonts/type1/publ
ic/lm/lmss10.pfb></nix/store/dryz6jxrnq7fkbwnvvabfidkhy4mg16f-texlive-combined-
full-2021-final/share/texmf/fonts/type1/public/lm/lmss12.pfb></nix/store/dryz6j
xrnq7fkbwnvvabfidkhy4mg16f-texlive-combined-full-2021-final/share/texmf/fonts/t
ype1/public/lm/lmsy10.pfb></nix/store/dryz6jxrnq7fkbwnvvabfidkhy4mg16f-texlive-
combined-full-2021-final/share/texmf/fonts/type1/public/lm/lmsy6.pfb></nix/stor
e/dryz6jxrnq7fkbwnvvabfidkhy4mg16f-texlive-combined-full-2021-final/share/texmf
/fonts/type1/public/lm/lmsy8.pfb></nix/store/dryz6jxrnq7fkbwnvvabfidkhy4mg16f-t
exlive-combined-full-2021-final/share/texmf/fonts/type1/public/lm/lmsy9.pfb></n
ix/store/dryz6jxrnq7fkbwnvvabfidkhy4mg16f-texlive-combined-full-2021-final/shar
e/texmf/fonts/type1/public/amsfonts/symbols/msam10.pfb></nix/store/dryz6jxrnq7f
kbwnvvabfidkhy4mg16f-texlive-combined-full-2021-final/share/texmf/fonts/type1/p
ublic/amsfonts/symbols/msbm10.pfb>
Output written on main.pdf (40 pages, 540785 bytes).
PDF statistics:
 571 PDF objects out of 1000 (max. 8388607)
 463 compressed objects within 5 object streams
 203 named destinations out of 1000 (max. 500000)
 65 words of extra memory for PDF output out of 10000 (max. 10000000)

